{"/Users/lsendel/IdeaProjects/sass/frontend/src/store/api/authApi.ts":{"path":"/Users/lsendel/IdeaProjects/sass/frontend/src/store/api/authApi.ts","statementMap":{"0":{"start":{"line":2,"column":21},"end":{"line":2,"column":88}},"1":{"start":{"line":3,"column":23},"end":{"line":77,"column":2}},"2":{"start":{"line":8,"column":20},"end":{"line":8,"column":41}},"3":{"start":{"line":9,"column":6},"end":{"line":11,"column":7}},"4":{"start":{"line":10,"column":8},"end":{"line":10,"column":56}},"5":{"start":{"line":12,"column":6},"end":{"line":12,"column":21}},"6":{"start":{"line":16,"column":27},"end":{"line":76,"column":3}},"7":{"start":{"line":18,"column":19},"end":{"line":18,"column":29}},"8":{"start":{"line":21,"column":31},"end":{"line":25,"column":7}},"9":{"start":{"line":29,"column":28},"end":{"line":33,"column":7}},"10":{"start":{"line":37,"column":45},"end":{"line":40,"column":7}},"11":{"start":{"line":43,"column":19},"end":{"line":43,"column":29}},"12":{"start":{"line":47,"column":35},"end":{"line":51,"column":7}},"13":{"start":{"line":55,"column":20},"end":{"line":58,"column":7}},"14":{"start":{"line":61,"column":8},"end":{"line":66,"column":9}},"15":{"start":{"line":62,"column":10},"end":{"line":62,"column":31}},"16":{"start":{"line":63,"column":10},"end":{"line":63,"column":49}},"17":{"start":{"line":65,"column":10},"end":{"line":65,"column":49}},"18":{"start":{"line":71,"column":20},"end":{"line":74,"column":7}},"19":{"start":{"line":90,"column":4},"end":{"line":90,"column":11}}},"fnMap":{"0":{"name":"(anonymous_0)","decl":{"start":{"line":7,"column":20},"end":{"line":7,"column":21}},"loc":{"start":{"line":7,"column":47},"end":{"line":13,"column":5}},"line":7},"1":{"name":"(anonymous_1)","decl":{"start":{"line":16,"column":13},"end":{"line":16,"column":14}},"loc":{"start":{"line":16,"column":27},"end":{"line":76,"column":3}},"line":16},"2":{"name":"(anonymous_2)","decl":{"start":{"line":18,"column":13},"end":{"line":18,"column":14}},"loc":{"start":{"line":18,"column":19},"end":{"line":18,"column":29}},"line":18},"3":{"name":"(anonymous_3)","decl":{"start":{"line":21,"column":13},"end":{"line":21,"column":14}},"loc":{"start":{"line":21,"column":31},"end":{"line":25,"column":7}},"line":21},"4":{"name":"(anonymous_4)","decl":{"start":{"line":29,"column":13},"end":{"line":29,"column":14}},"loc":{"start":{"line":29,"column":28},"end":{"line":33,"column":7}},"line":29},"5":{"name":"(anonymous_5)","decl":{"start":{"line":37,"column":13},"end":{"line":37,"column":14}},"loc":{"start":{"line":37,"column":45},"end":{"line":40,"column":7}},"line":37},"6":{"name":"(anonymous_6)","decl":{"start":{"line":43,"column":13},"end":{"line":43,"column":14}},"loc":{"start":{"line":43,"column":19},"end":{"line":43,"column":29}},"line":43},"7":{"name":"(anonymous_7)","decl":{"start":{"line":47,"column":13},"end":{"line":47,"column":14}},"loc":{"start":{"line":47,"column":35},"end":{"line":51,"column":7}},"line":47},"8":{"name":"(anonymous_8)","decl":{"start":{"line":55,"column":13},"end":{"line":55,"column":14}},"loc":{"start":{"line":55,"column":20},"end":{"line":58,"column":7}},"line":55},"9":{"name":"(anonymous_9)","decl":{"start":{"line":60,"column":6},"end":{"line":60,"column":7}},"loc":{"start":{"line":60,"column":60},"end":{"line":67,"column":7}},"line":60},"10":{"name":"(anonymous_10)","decl":{"start":{"line":71,"column":13},"end":{"line":71,"column":14}},"loc":{"start":{"line":71,"column":20},"end":{"line":74,"column":7}},"line":71}},"branchMap":{"0":{"loc":{"start":{"line":2,"column":21},"end":{"line":2,"column":88}},"type":"binary-expr","locations":[{"start":{"line":2,"column":21},"end":{"line":2,"column":54}},{"start":{"line":2,"column":58},"end":{"line":2,"column":88}}],"line":2},"1":{"loc":{"start":{"line":9,"column":6},"end":{"line":11,"column":7}},"type":"if","locations":[{"start":{"line":9,"column":6},"end":{"line":11,"column":7}},{"start":{},"end":{}}],"line":9}},"s":{"0":1,"1":1,"2":2,"3":2,"4":0,"5":2,"6":1,"7":1,"8":0,"9":0,"10":0,"11":1,"12":0,"13":0,"14":0,"15":0,"16":0,"17":0,"18":0,"19":1},"f":{"0":2,"1":1,"2":1,"3":0,"4":0,"5":0,"6":1,"7":0,"8":0,"9":0,"10":0},"b":{"0":[1,1],"1":[0,2]},"inputSourceMap":{"version":3,"sources":["/Users/lsendel/IdeaProjects/sass/frontend/src/store/api/authApi.ts"],"mappings":"AAAA,SAAS,WAAW,sBAAsB;AAI1C,MAAM,eACJ,YAAY,IAAI,qBAAqB;AAwChC,aAAM,UAAU,UAAU;AAAA,EAC/B,aAAa;AAAA,EACb,WAAW,eAAe;AAAA,IACxB,SAAS,GAAG,YAAY;AAAA,IACxB,gBAAgB,CAAC,SAAS,EAAE,SAAS,MAAM;AACzC,YAAM,QAAS,SAAS,EAAgB,KAAK;AAC7C,UAAI,OAAO;AACT,gBAAQ,IAAI,iBAAiB,UAAU,KAAK,EAAE;AAAA,MAChD;AACA,aAAO;AAAA,IACT;AAAA,EACF,CAAC;AAAA,EACD,UAAU,CAAC,SAAS;AAAA,EACpB,WAAW,cAAY;AAAA,IACrB,gBAAgB,QAAQ,MAAiC;AAAA,MACvD,OAAO,MAAM;AAAA,IACf,CAAC;AAAA,IAED,eAAe,QAAQ,SAGrB;AAAA,MACA,OAAO,kBAAgB;AAAA,QACrB,KAAK;AAAA,QACL,QAAQ;AAAA,QACR,MAAM;AAAA,MACR;AAAA,MACA,iBAAiB,CAAC,SAAS;AAAA,IAC7B,CAAC;AAAA,IAED,kBAAkB,QAAQ,SAGxB;AAAA,MACA,OAAO,eAAa;AAAA,QAClB,KAAK;AAAA,QACL,QAAQ;AAAA,QACR,MAAM;AAAA,MACR;AAAA,MACA,iBAAiB,CAAC,SAAS;AAAA,IAC7B,CAAC;AAAA,IAED,YAAY,QAAQ,MAAyC;AAAA,MAC3D,OAAO,CAAC,EAAE,UAAU,YAAY,OAAO;AAAA,QACrC,KAAK;AAAA,QACL,QAAQ,EAAE,UAAU,cAAc,YAAY;AAAA,MAChD;AAAA,IACF,CAAC;AAAA,IAED,YAAY,QAAQ,MAAyB;AAAA,MAC3C,OAAO,MAAM;AAAA,MACb,cAAc,CAAC,SAAS;AAAA,IAC1B,CAAC;AAAA,IAED,gBAAgB,QAAQ,SAGtB;AAAA,MACA,OAAO,CAAC,EAAE,MAAM,MAAM,OAAO;AAAA,QAC3B,KAAK;AAAA,QACL,QAAQ;AAAA,QACR,MAAM,EAAE,MAAM,MAAM;AAAA,MACtB;AAAA,MACA,iBAAiB,CAAC,SAAS;AAAA,IAC7B,CAAC;AAAA,IAED,QAAQ,QAAQ,SAAqB;AAAA,MACnC,OAAO,OAAO;AAAA,QACZ,KAAK;AAAA,QACL,QAAQ;AAAA,MACV;AAAA,MACA,iBAAiB,CAAC,SAAS;AAAA,MAC3B,MAAM,eAAe,GAAG,EAAE,UAAU,eAAe,GAAG;AACpD,YAAI;AACF,gBAAM;AAEN,mBAAS,QAAQ,KAAK,cAAc,CAAC;AAAA,QACvC,QAAQ;AAEN,mBAAS,QAAQ,KAAK,cAAc,CAAC;AAAA,QACvC;AAAA,MACF;AAAA,IACF,CAAC;AAAA;AAAA,IAGD,cAAc,QAAQ,SAAkC;AAAA,MACtD,OAAO,OAAO;AAAA,QACZ,KAAK;AAAA,QACL,QAAQ;AAAA,MACV;AAAA,IACF,CAAC;AAAA,EACH;AACF,CAAC;AAEM,aAAM;AAAA,EACX;AAAA,EACA;AAAA,EACA;AAAA,EACA;AAAA,EACA;AAAA,EACA;AAAA,EACA;AAAA,EACA;AAAA;AAAA,EAEA;AAAA,EACA;AACF,IAAI;","names":[]},"_coverageSchema":"1a1c01bbd47fc00a2c39e90264f33305004495a9","hash":"04afa7e766b3da71d29453f17192a0f568c89b87"},"/Users/lsendel/IdeaProjects/sass/frontend/src/store/api/userApi.ts":{"path":"/Users/lsendel/IdeaProjects/sass/frontend/src/store/api/userApi.ts","statementMap":{"0":{"start":{"line":2,"column":21},"end":{"line":2,"column":88}},"1":{"start":{"line":3,"column":23},"end":{"line":94,"column":2}},"2":{"start":{"line":8,"column":20},"end":{"line":8,"column":41}},"3":{"start":{"line":9,"column":6},"end":{"line":11,"column":7}},"4":{"start":{"line":10,"column":8},"end":{"line":10,"column":56}},"5":{"start":{"line":12,"column":6},"end":{"line":12,"column":21}},"6":{"start":{"line":16,"column":27},"end":{"line":93,"column":3}},"7":{"start":{"line":18,"column":19},"end":{"line":18,"column":24}},"8":{"start":{"line":22,"column":25},"end":{"line":22,"column":37}},"9":{"start":{"line":23,"column":49},"end":{"line":23,"column":79}},"10":{"start":{"line":26,"column":24},"end":{"line":30,"column":7}},"11":{"start":{"line":34,"column":24},"end":{"line":38,"column":7}},"12":{"start":{"line":42,"column":20},"end":{"line":45,"column":7}},"13":{"start":{"line":49,"column":24},"end":{"line":52,"column":7}},"14":{"start":{"line":61,"column":13},"end":{"line":64,"column":7}},"15":{"start":{"line":68,"column":25},"end":{"line":71,"column":7}},"16":{"start":{"line":75,"column":19},"end":{"line":75,"column":32}},"17":{"start":{"line":79,"column":19},"end":{"line":79,"column":27}},"18":{"start":{"line":83,"column":27},"end":{"line":83,"column":51}},"19":{"start":{"line":87,"column":26},"end":{"line":90,"column":7}},"20":{"start":{"line":111,"column":4},"end":{"line":111,"column":11}}},"fnMap":{"0":{"name":"(anonymous_0)","decl":{"start":{"line":7,"column":20},"end":{"line":7,"column":21}},"loc":{"start":{"line":7,"column":47},"end":{"line":13,"column":5}},"line":7},"1":{"name":"(anonymous_1)","decl":{"start":{"line":16,"column":13},"end":{"line":16,"column":14}},"loc":{"start":{"line":16,"column":27},"end":{"line":93,"column":3}},"line":16},"2":{"name":"(anonymous_2)","decl":{"start":{"line":18,"column":13},"end":{"line":18,"column":14}},"loc":{"start":{"line":18,"column":19},"end":{"line":18,"column":24}},"line":18},"3":{"name":"(anonymous_3)","decl":{"start":{"line":22,"column":13},"end":{"line":22,"column":14}},"loc":{"start":{"line":22,"column":25},"end":{"line":22,"column":37}},"line":22},"4":{"name":"(anonymous_4)","decl":{"start":{"line":23,"column":20},"end":{"line":23,"column":21}},"loc":{"start":{"line":23,"column":49},"end":{"line":23,"column":79}},"line":23},"5":{"name":"(anonymous_5)","decl":{"start":{"line":26,"column":13},"end":{"line":26,"column":14}},"loc":{"start":{"line":26,"column":24},"end":{"line":30,"column":7}},"line":26},"6":{"name":"(anonymous_6)","decl":{"start":{"line":34,"column":13},"end":{"line":34,"column":14}},"loc":{"start":{"line":34,"column":24},"end":{"line":38,"column":7}},"line":34},"7":{"name":"(anonymous_7)","decl":{"start":{"line":42,"column":13},"end":{"line":42,"column":14}},"loc":{"start":{"line":42,"column":20},"end":{"line":45,"column":7}},"line":42},"8":{"name":"(anonymous_8)","decl":{"start":{"line":49,"column":13},"end":{"line":49,"column":14}},"loc":{"start":{"line":49,"column":24},"end":{"line":52,"column":7}},"line":49},"9":{"name":"(anonymous_9)","decl":{"start":{"line":56,"column":13},"end":{"line":56,"column":14}},"loc":{"start":{"line":61,"column":13},"end":{"line":64,"column":7}},"line":61},"10":{"name":"(anonymous_10)","decl":{"start":{"line":68,"column":13},"end":{"line":68,"column":14}},"loc":{"start":{"line":68,"column":25},"end":{"line":71,"column":7}},"line":68},"11":{"name":"(anonymous_11)","decl":{"start":{"line":75,"column":13},"end":{"line":75,"column":14}},"loc":{"start":{"line":75,"column":19},"end":{"line":75,"column":32}},"line":75},"12":{"name":"(anonymous_12)","decl":{"start":{"line":79,"column":13},"end":{"line":79,"column":14}},"loc":{"start":{"line":79,"column":19},"end":{"line":79,"column":27}},"line":79},"13":{"name":"(anonymous_13)","decl":{"start":{"line":83,"column":13},"end":{"line":83,"column":14}},"loc":{"start":{"line":83,"column":27},"end":{"line":83,"column":51}},"line":83},"14":{"name":"(anonymous_14)","decl":{"start":{"line":87,"column":13},"end":{"line":87,"column":14}},"loc":{"start":{"line":87,"column":26},"end":{"line":90,"column":7}},"line":87}},"branchMap":{"0":{"loc":{"start":{"line":2,"column":21},"end":{"line":2,"column":88}},"type":"binary-expr","locations":[{"start":{"line":2,"column":21},"end":{"line":2,"column":54}},{"start":{"line":2,"column":58},"end":{"line":2,"column":88}}],"line":2},"1":{"loc":{"start":{"line":9,"column":6},"end":{"line":11,"column":7}},"type":"if","locations":[{"start":{"line":9,"column":6},"end":{"line":11,"column":7}},{"start":{},"end":{}}],"line":9},"2":{"loc":{"start":{"line":57,"column":8},"end":{"line":57,"column":16}},"type":"default-arg","locations":[{"start":{"line":57,"column":15},"end":{"line":57,"column":16}}],"line":57},"3":{"loc":{"start":{"line":58,"column":8},"end":{"line":58,"column":17}},"type":"default-arg","locations":[{"start":{"line":58,"column":15},"end":{"line":58,"column":17}}],"line":58},"4":{"loc":{"start":{"line":59,"column":8},"end":{"line":59,"column":28}},"type":"default-arg","locations":[{"start":{"line":59,"column":17},"end":{"line":59,"column":28}}],"line":59},"5":{"loc":{"start":{"line":60,"column":8},"end":{"line":60,"column":30}},"type":"default-arg","locations":[{"start":{"line":60,"column":24},"end":{"line":60,"column":30}}],"line":60}},"s":{"0":1,"1":1,"2":0,"3":0,"4":0,"5":0,"6":1,"7":0,"8":0,"9":0,"10":0,"11":0,"12":0,"13":0,"14":0,"15":0,"16":0,"17":0,"18":0,"19":0,"20":1},"f":{"0":0,"1":1,"2":0,"3":0,"4":0,"5":0,"6":0,"7":0,"8":0,"9":0,"10":0,"11":0,"12":0,"13":0,"14":0},"b":{"0":[1,1],"1":[0,0],"2":[0],"3":[0],"4":[0],"5":[0]},"inputSourceMap":{"version":3,"sources":["/Users/lsendel/IdeaProjects/sass/frontend/src/store/api/userApi.ts"],"mappings":"AAAA,SAAS,WAAW,sBAAsB;AAI1C,MAAM,eACJ,YAAY,IAAI,qBAAqB;AA2BhC,aAAM,UAAU,UAAU;AAAA,EAC/B,aAAa;AAAA,EACb,WAAW,eAAe;AAAA,IACxB,SAAS,GAAG,YAAY;AAAA,IACxB,gBAAgB,CAAC,SAAS,EAAE,SAAS,MAAM;AACzC,YAAM,QAAS,SAAS,EAAgB,KAAK;AAC7C,UAAI,OAAO;AACT,gBAAQ,IAAI,iBAAiB,UAAU,KAAK,EAAE;AAAA,MAChD;AACA,aAAO;AAAA,IACT;AAAA,EACF,CAAC;AAAA,EACD,UAAU,CAAC,QAAQ,aAAa;AAAA,EAChC,WAAW,cAAY;AAAA,IACrB,gBAAgB,QAAQ,MAAkB;AAAA,MACxC,OAAO,MAAM;AAAA,MACb,cAAc,CAAC,aAAa;AAAA,IAC9B,CAAC;AAAA,IAED,aAAa,QAAQ,MAAoB;AAAA,MACvC,OAAO,YAAU,IAAI,MAAM;AAAA,MAC3B,cAAc,CAAC,SAAS,QAAQ,WAAW,CAAC,EAAE,MAAM,QAAQ,IAAI,OAAO,CAAC;AAAA,IAC1E,CAAC;AAAA,IAED,eAAe,QAAQ,SAAqC;AAAA,MAC1D,OAAO,WAAS;AAAA,QACd,KAAK;AAAA,QACL,QAAQ;AAAA,QACR;AAAA,MACF;AAAA,MACA,iBAAiB,CAAC,aAAa;AAAA,IACjC,CAAC;AAAA,IAED,mBAAmB,QAAQ,SAAyC;AAAA,MAClE,OAAO,WAAS;AAAA,QACd,KAAK;AAAA,QACL,QAAQ;AAAA,QACR;AAAA,MACF;AAAA,MACA,iBAAiB,CAAC,aAAa;AAAA,IACjC,CAAC;AAAA,IAED,mBAAmB,QAAQ,SAAqB;AAAA,MAC9C,OAAO,OAAO;AAAA,QACZ,KAAK;AAAA,QACL,QAAQ;AAAA,MACV;AAAA,MACA,iBAAiB,CAAC,aAAa;AAAA,IACjC,CAAC;AAAA,IAED,aAAa,QAAQ,MAAsB;AAAA,MACzC,OAAO,WAAS;AAAA,QACd,KAAK;AAAA,QACL,QAAQ,EAAE,KAAK;AAAA,MACjB;AAAA,MACA,cAAc,CAAC,MAAM;AAAA,IACvB,CAAC;AAAA,IAED,aAAa,QAAQ,MAQnB;AAAA,MACA,OAAO,CAAC;AAAA,QACN,OAAO;AAAA,QACP,OAAO;AAAA,QACP,SAAS;AAAA,QACT,gBAAgB;AAAA,MAClB,OAAO;AAAA,QACL,KAAK;AAAA,QACL,QAAQ,EAAE,MAAM,MAAM,QAAQ,cAAc;AAAA,MAC9C;AAAA,MACA,cAAc,CAAC,MAAM;AAAA,IACvB,CAAC;AAAA,IAED,gBAAgB,QAAQ,MAAsB;AAAA,MAC5C,OAAO,YAAU;AAAA,QACf,KAAK;AAAA,QACL,QAAQ,EAAE,MAAM;AAAA,MAClB;AAAA,MACA,cAAc,CAAC,MAAM;AAAA,IACvB,CAAC;AAAA,IAED,mBAAmB,QAAQ,MAA4B;AAAA,MACrD,OAAO,MAAM;AAAA,MACb,cAAc,CAAC,MAAM;AAAA,IACvB,CAAC;AAAA,IAED,kBAAkB,QAAQ,MAAoB;AAAA,MAC5C,OAAO,MAAM;AAAA,MACb,cAAc,CAAC,MAAM;AAAA,IACvB,CAAC;AAAA,IAED,oBAAoB,QAAQ,MAAsB;AAAA,MAChD,OAAO,cAAY,cAAc,QAAQ;AAAA,MACzC,cAAc,CAAC,MAAM;AAAA,IACvB,CAAC;AAAA,IAED,aAAa,QAAQ,SAAuB;AAAA,MAC1C,OAAO,aAAW;AAAA,QAChB,KAAK,IAAI,MAAM;AAAA,QACf,QAAQ;AAAA,MACV;AAAA,MACA,iBAAiB,CAAC,MAAM;AAAA,IAC1B,CAAC;AAAA,EACH;AACF,CAAC;AAEM,aAAM;AAAA,EACX;AAAA,EACA;AAAA,EACA;AAAA,EACA;AAAA,EACA;AAAA,EACA;AAAA,EACA;AAAA,EACA;AAAA,EACA;AAAA,EACA;AAAA,EACA;AAAA,EACA;AAAA;AAAA,EAEA;AAAA,EACA;AACF,IAAI;","names":[]},"_coverageSchema":"1a1c01bbd47fc00a2c39e90264f33305004495a9","hash":"3753b61f7f21ac8f54e3dbfa7e379d2abe03b1c0"},"/Users/lsendel/IdeaProjects/sass/frontend/src/store/api/organizationApi.ts":{"path":"/Users/lsendel/IdeaProjects/sass/frontend/src/store/api/organizationApi.ts","statementMap":{"0":{"start":{"line":2,"column":21},"end":{"line":2,"column":88}},"1":{"start":{"line":3,"column":31},"end":{"line":129,"column":2}},"2":{"start":{"line":8,"column":20},"end":{"line":8,"column":41}},"3":{"start":{"line":9,"column":6},"end":{"line":11,"column":7}},"4":{"start":{"line":10,"column":8},"end":{"line":10,"column":56}},"5":{"start":{"line":12,"column":6},"end":{"line":12,"column":21}},"6":{"start":{"line":16,"column":27},"end":{"line":128,"column":3}},"7":{"start":{"line":18,"column":24},"end":{"line":22,"column":7}},"8":{"start":{"line":26,"column":33},"end":{"line":26,"column":53}},"9":{"start":{"line":27,"column":57},"end":{"line":29,"column":7}},"10":{"start":{"line":32,"column":23},"end":{"line":32,"column":38}},"11":{"start":{"line":33,"column":32},"end":{"line":33,"column":87}},"12":{"start":{"line":36,"column":19},"end":{"line":36,"column":21}},"13":{"start":{"line":40,"column":47},"end":{"line":44,"column":7}},"14":{"start":{"line":45,"column":64},"end":{"line":47,"column":7}},"15":{"start":{"line":50,"column":47},"end":{"line":54,"column":7}},"16":{"start":{"line":55,"column":64},"end":{"line":57,"column":7}},"17":{"start":{"line":60,"column":34},"end":{"line":63,"column":7}},"18":{"start":{"line":67,"column":33},"end":{"line":67,"column":61}},"19":{"start":{"line":68,"column":57},"end":{"line":70,"column":7}},"20":{"start":{"line":73,"column":47},"end":{"line":77,"column":7}},"21":{"start":{"line":78,"column":64},"end":{"line":80,"column":7}},"22":{"start":{"line":83,"column":25},"end":{"line":86,"column":7}},"23":{"start":{"line":90,"column":25},"end":{"line":93,"column":7}},"24":{"start":{"line":97,"column":33},"end":{"line":97,"column":65}},"25":{"start":{"line":98,"column":57},"end":{"line":100,"column":7}},"26":{"start":{"line":103,"column":32},"end":{"line":106,"column":7}},"27":{"start":{"line":110,"column":46},"end":{"line":113,"column":7}},"28":{"start":{"line":114,"column":64},"end":{"line":116,"column":7}},"29":{"start":{"line":119,"column":55},"end":{"line":123,"column":7}},"30":{"start":{"line":124,"column":64},"end":{"line":126,"column":7}},"31":{"start":{"line":149,"column":4},"end":{"line":149,"column":19}}},"fnMap":{"0":{"name":"(anonymous_0)","decl":{"start":{"line":7,"column":20},"end":{"line":7,"column":21}},"loc":{"start":{"line":7,"column":47},"end":{"line":13,"column":5}},"line":7},"1":{"name":"(anonymous_1)","decl":{"start":{"line":16,"column":13},"end":{"line":16,"column":14}},"loc":{"start":{"line":16,"column":27},"end":{"line":128,"column":3}},"line":16},"2":{"name":"(anonymous_2)","decl":{"start":{"line":18,"column":13},"end":{"line":18,"column":14}},"loc":{"start":{"line":18,"column":24},"end":{"line":22,"column":7}},"line":18},"3":{"name":"(anonymous_3)","decl":{"start":{"line":26,"column":13},"end":{"line":26,"column":14}},"loc":{"start":{"line":26,"column":33},"end":{"line":26,"column":53}},"line":26},"4":{"name":"(anonymous_4)","decl":{"start":{"line":27,"column":20},"end":{"line":27,"column":21}},"loc":{"start":{"line":27,"column":57},"end":{"line":29,"column":7}},"line":27},"5":{"name":"(anonymous_5)","decl":{"start":{"line":32,"column":13},"end":{"line":32,"column":14}},"loc":{"start":{"line":32,"column":23},"end":{"line":32,"column":38}},"line":32},"6":{"name":"(anonymous_6)","decl":{"start":{"line":33,"column":20},"end":{"line":33,"column":21}},"loc":{"start":{"line":33,"column":32},"end":{"line":33,"column":87}},"line":33},"7":{"name":"(anonymous_7)","decl":{"start":{"line":36,"column":13},"end":{"line":36,"column":14}},"loc":{"start":{"line":36,"column":19},"end":{"line":36,"column":21}},"line":36},"8":{"name":"(anonymous_8)","decl":{"start":{"line":40,"column":13},"end":{"line":40,"column":14}},"loc":{"start":{"line":40,"column":47},"end":{"line":44,"column":7}},"line":40},"9":{"name":"(anonymous_9)","decl":{"start":{"line":45,"column":23},"end":{"line":45,"column":24}},"loc":{"start":{"line":45,"column":64},"end":{"line":47,"column":7}},"line":45},"10":{"name":"(anonymous_10)","decl":{"start":{"line":50,"column":13},"end":{"line":50,"column":14}},"loc":{"start":{"line":50,"column":47},"end":{"line":54,"column":7}},"line":50},"11":{"name":"(anonymous_11)","decl":{"start":{"line":55,"column":23},"end":{"line":55,"column":24}},"loc":{"start":{"line":55,"column":64},"end":{"line":57,"column":7}},"line":55},"12":{"name":"(anonymous_12)","decl":{"start":{"line":60,"column":13},"end":{"line":60,"column":14}},"loc":{"start":{"line":60,"column":34},"end":{"line":63,"column":7}},"line":60},"13":{"name":"(anonymous_13)","decl":{"start":{"line":67,"column":13},"end":{"line":67,"column":14}},"loc":{"start":{"line":67,"column":33},"end":{"line":67,"column":61}},"line":67},"14":{"name":"(anonymous_14)","decl":{"start":{"line":68,"column":20},"end":{"line":68,"column":21}},"loc":{"start":{"line":68,"column":57},"end":{"line":70,"column":7}},"line":68},"15":{"name":"(anonymous_15)","decl":{"start":{"line":73,"column":13},"end":{"line":73,"column":14}},"loc":{"start":{"line":73,"column":47},"end":{"line":77,"column":7}},"line":73},"16":{"name":"(anonymous_16)","decl":{"start":{"line":78,"column":23},"end":{"line":78,"column":24}},"loc":{"start":{"line":78,"column":64},"end":{"line":80,"column":7}},"line":78},"17":{"name":"(anonymous_17)","decl":{"start":{"line":83,"column":13},"end":{"line":83,"column":14}},"loc":{"start":{"line":83,"column":25},"end":{"line":86,"column":7}},"line":83},"18":{"name":"(anonymous_18)","decl":{"start":{"line":90,"column":13},"end":{"line":90,"column":14}},"loc":{"start":{"line":90,"column":25},"end":{"line":93,"column":7}},"line":90},"19":{"name":"(anonymous_19)","decl":{"start":{"line":97,"column":13},"end":{"line":97,"column":14}},"loc":{"start":{"line":97,"column":33},"end":{"line":97,"column":65}},"line":97},"20":{"name":"(anonymous_20)","decl":{"start":{"line":98,"column":20},"end":{"line":98,"column":21}},"loc":{"start":{"line":98,"column":57},"end":{"line":100,"column":7}},"line":98},"21":{"name":"(anonymous_21)","decl":{"start":{"line":103,"column":13},"end":{"line":103,"column":14}},"loc":{"start":{"line":103,"column":32},"end":{"line":106,"column":7}},"line":103},"22":{"name":"(anonymous_22)","decl":{"start":{"line":110,"column":13},"end":{"line":110,"column":14}},"loc":{"start":{"line":110,"column":46},"end":{"line":113,"column":7}},"line":110},"23":{"name":"(anonymous_23)","decl":{"start":{"line":114,"column":23},"end":{"line":114,"column":24}},"loc":{"start":{"line":114,"column":64},"end":{"line":116,"column":7}},"line":114},"24":{"name":"(anonymous_24)","decl":{"start":{"line":119,"column":13},"end":{"line":119,"column":14}},"loc":{"start":{"line":119,"column":55},"end":{"line":123,"column":7}},"line":119},"25":{"name":"(anonymous_25)","decl":{"start":{"line":124,"column":23},"end":{"line":124,"column":24}},"loc":{"start":{"line":124,"column":64},"end":{"line":126,"column":7}},"line":124}},"branchMap":{"0":{"loc":{"start":{"line":2,"column":21},"end":{"line":2,"column":88}},"type":"binary-expr","locations":[{"start":{"line":2,"column":21},"end":{"line":2,"column":54}},{"start":{"line":2,"column":58},"end":{"line":2,"column":88}}],"line":2},"1":{"loc":{"start":{"line":9,"column":6},"end":{"line":11,"column":7}},"type":"if","locations":[{"start":{"line":9,"column":6},"end":{"line":11,"column":7}},{"start":{},"end":{}}],"line":9},"2":{"loc":{"start":{"line":33,"column":32},"end":{"line":33,"column":87}},"type":"cond-expr","locations":[{"start":{"line":33,"column":41},"end":{"line":33,"column":82}},{"start":{"line":33,"column":85},"end":{"line":33,"column":87}}],"line":33}},"s":{"0":1,"1":1,"2":0,"3":0,"4":0,"5":0,"6":1,"7":0,"8":0,"9":0,"10":0,"11":0,"12":0,"13":0,"14":0,"15":0,"16":0,"17":0,"18":0,"19":0,"20":0,"21":0,"22":0,"23":0,"24":0,"25":0,"26":0,"27":0,"28":0,"29":0,"30":0,"31":1},"f":{"0":0,"1":1,"2":0,"3":0,"4":0,"5":0,"6":0,"7":0,"8":0,"9":0,"10":0,"11":0,"12":0,"13":0,"14":0,"15":0,"16":0,"17":0,"18":0,"19":0,"20":0,"21":0,"22":0,"23":0,"24":0,"25":0},"b":{"0":[1,1],"1":[0,0],"2":[0,0]},"inputSourceMap":{"version":3,"sources":["/Users/lsendel/IdeaProjects/sass/frontend/src/store/api/organizationApi.ts"],"mappings":"AAAA,SAAS,WAAW,sBAAsB;AAG1C,MAAM,eACJ,YAAY,IAAI,qBAAqB;AAkEhC,aAAM,kBAAkB,UAAU;AAAA,EACvC,aAAa;AAAA,EACb,WAAW,eAAe;AAAA,IACxB,SAAS,GAAG,YAAY;AAAA,IACxB,gBAAgB,CAAC,SAAS,EAAE,SAAS,MAAM;AACzC,YAAM,QAAS,SAAS,EAAgB,KAAK;AAC7C,UAAI,OAAO;AACT,gBAAQ,IAAI,iBAAiB,UAAU,KAAK,EAAE;AAAA,MAChD;AACA,aAAO;AAAA,IACT;AAAA,EACF,CAAC;AAAA,EACD,UAAU,CAAC,gBAAgB,sBAAsB,YAAY;AAAA,EAC7D,WAAW,cAAY;AAAA,IACrB,oBAAoB,QAAQ,SAG1B;AAAA,MACA,OAAO,WAAS;AAAA,QACd,KAAK;AAAA,QACL,QAAQ;AAAA,QACR;AAAA,MACF;AAAA,MACA,iBAAiB,CAAC,cAAc;AAAA,IAClC,CAAC;AAAA,IAED,iBAAiB,QAAQ,MAA4B;AAAA,MACnD,OAAO,oBAAkB,IAAI,cAAc;AAAA,MAC3C,cAAc,CAAC,SAAS,QAAQ,mBAAmB;AAAA,QACjD,EAAE,MAAM,gBAAgB,IAAI,eAAe;AAAA,MAC7C;AAAA,IACF,CAAC;AAAA,IAED,uBAAuB,QAAQ,MAA4B;AAAA,MACzD,OAAO,UAAQ,SAAS,IAAI;AAAA,MAC5B,cAAc,YACZ,SAAS,CAAC,EAAE,MAAM,gBAAgB,IAAI,OAAO,GAAG,CAAC,IAAI,CAAC;AAAA,IAC1D,CAAC;AAAA,IAED,sBAAsB,QAAQ,MAA4B;AAAA,MACxD,OAAO,MAAM;AAAA,MACb,cAAc,CAAC,cAAc;AAAA,IAC/B,CAAC;AAAA,IAED,oBAAoB,QAAQ,SAK1B;AAAA,MACA,OAAO,CAAC,EAAE,gBAAgB,GAAG,KAAK,OAAO;AAAA,QACvC,KAAK,IAAI,cAAc;AAAA,QACvB,QAAQ;AAAA,QACR;AAAA,MACF;AAAA,MACA,iBAAiB,CAAC,SAAS,QAAQ,EAAE,eAAe,MAAM;AAAA,QACxD,EAAE,MAAM,gBAAgB,IAAI,eAAe;AAAA,MAC7C;AAAA,IACF,CAAC;AAAA,IAED,gBAAgB,QAAQ,SAKtB;AAAA,MACA,OAAO,CAAC,EAAE,gBAAgB,GAAG,KAAK,OAAO;AAAA,QACvC,KAAK,IAAI,cAAc;AAAA,QACvB,QAAQ;AAAA,QACR;AAAA,MACF;AAAA,MACA,iBAAiB,CAAC,SAAS,QAAQ,EAAE,eAAe,MAAM;AAAA,QACxD,EAAE,MAAM,gBAAgB,IAAI,eAAe;AAAA,MAC7C;AAAA,IACF,CAAC;AAAA,IAED,oBAAoB,QAAQ,SAAuB;AAAA,MACjD,OAAO,qBAAmB;AAAA,QACxB,KAAK,IAAI,cAAc;AAAA,QACvB,QAAQ;AAAA,MACV;AAAA,MACA,iBAAiB,CAAC,cAAc;AAAA,IAClC,CAAC;AAAA,IAED,wBAAwB,QAAQ,MAAwC;AAAA,MACtE,OAAO,oBAAkB,IAAI,cAAc;AAAA,MAC3C,cAAc,CAAC,SAAS,QAAQ,mBAAmB;AAAA,QACjD,EAAE,MAAM,sBAAsB,IAAI,eAAe;AAAA,MACnD;AAAA,IACF,CAAC;AAAA,IAED,YAAY,QAAQ,SAKlB;AAAA,MACA,OAAO,CAAC,EAAE,gBAAgB,GAAG,KAAK,OAAO;AAAA,QACvC,KAAK,IAAI,cAAc;AAAA,QACvB,QAAQ;AAAA,QACR;AAAA,MACF;AAAA,MACA,iBAAiB,CAAC,SAAS,QAAQ,EAAE,eAAe,MAAM;AAAA,QACxD,EAAE,MAAM,cAAc,IAAI,eAAe;AAAA,MAC3C;AAAA,IACF,CAAC;AAAA,IAED,kBAAkB,QAAQ,SAAqC;AAAA,MAC7D,OAAO,YAAU;AAAA,QACf,KAAK,gBAAgB,KAAK;AAAA,QAC1B,QAAQ;AAAA,MACV;AAAA,MACA,iBAAiB,CAAC,gBAAgB,oBAAoB;AAAA,IACxD,CAAC;AAAA,IAED,mBAAmB,QAAQ,SAAuB;AAAA,MAChD,OAAO,YAAU;AAAA,QACf,KAAK,gBAAgB,KAAK;AAAA,QAC1B,QAAQ;AAAA,MACV;AAAA,MACA,iBAAiB,CAAC,YAAY;AAAA,IAChC,CAAC;AAAA,IAED,uBAAuB,QAAQ,MAA4B;AAAA,MACzD,OAAO,oBAAkB,IAAI,cAAc;AAAA,MAC3C,cAAc,CAAC,SAAS,QAAQ,mBAAmB;AAAA,QACjD,EAAE,MAAM,cAAc,IAAI,eAAe;AAAA,MAC3C;AAAA,IACF,CAAC;AAAA,IAED,kBAAkB,QAAQ,SAAuB;AAAA,MAC/C,OAAO,mBAAiB;AAAA,QACtB,KAAK,gBAAgB,YAAY;AAAA,QACjC,QAAQ;AAAA,MACV;AAAA,MACA,iBAAiB,CAAC,YAAY;AAAA,IAChC,CAAC;AAAA,IAED,cAAc,QAAQ,SAMpB;AAAA,MACA,OAAO,CAAC,EAAE,gBAAgB,OAAO,OAAO;AAAA,QACtC,KAAK,IAAI,cAAc,YAAY,MAAM;AAAA,QACzC,QAAQ;AAAA,MACV;AAAA,MACA,iBAAiB,CAAC,SAAS,QAAQ,EAAE,eAAe,MAAM;AAAA,QACxD,EAAE,MAAM,sBAAsB,IAAI,eAAe;AAAA,MACnD;AAAA,IACF,CAAC;AAAA,IAED,kBAAkB,QAAQ,SAMxB;AAAA,MACA,OAAO,CAAC,EAAE,gBAAgB,QAAQ,GAAG,KAAK,OAAO;AAAA,QAC/C,KAAK,IAAI,cAAc,YAAY,MAAM;AAAA,QACzC,QAAQ;AAAA,QACR;AAAA,MACF;AAAA,MACA,iBAAiB,CAAC,SAAS,QAAQ,EAAE,eAAe,MAAM;AAAA,QACxD,EAAE,MAAM,sBAAsB,IAAI,eAAe;AAAA,MACnD;AAAA,IACF,CAAC;AAAA,EACH;AACF,CAAC;AAEM,aAAM;AAAA,EACX;AAAA,EACA;AAAA,EACA;AAAA,EACA;AAAA,EACA;AAAA,EACA;AAAA,EACA;AAAA,EACA;AAAA,EACA;AAAA,EACA;AAAA,EACA;AAAA,EACA;AAAA,EACA;AAAA,EACA;AAAA,EACA;AAAA;AAAA,EAEA;AAAA,EACA;AACF,IAAI;","names":[]},"_coverageSchema":"1a1c01bbd47fc00a2c39e90264f33305004495a9","hash":"1d404f92e7c06c9c38ca294237d7e5efbd4c6a7b"},"/Users/lsendel/IdeaProjects/sass/frontend/src/store/api/paymentApi.ts":{"path":"/Users/lsendel/IdeaProjects/sass/frontend/src/store/api/paymentApi.ts","statementMap":{"0":{"start":{"line":2,"column":21},"end":{"line":2,"column":88}},"1":{"start":{"line":3,"column":26},"end":{"line":82,"column":2}},"2":{"start":{"line":8,"column":20},"end":{"line":8,"column":41}},"3":{"start":{"line":9,"column":6},"end":{"line":11,"column":7}},"4":{"start":{"line":10,"column":8},"end":{"line":10,"column":56}},"5":{"start":{"line":12,"column":6},"end":{"line":12,"column":21}},"6":{"start":{"line":16,"column":27},"end":{"line":81,"column":3}},"7":{"start":{"line":18,"column":24},"end":{"line":22,"column":7}},"8":{"start":{"line":26,"column":48},"end":{"line":30,"column":7}},"9":{"start":{"line":34,"column":33},"end":{"line":34,"column":67}},"10":{"start":{"line":35,"column":57},"end":{"line":37,"column":7}},"11":{"start":{"line":40,"column":45},"end":{"line":40,"column":96}},"12":{"start":{"line":41,"column":69},"end":{"line":43,"column":7}},"13":{"start":{"line":46,"column":33},"end":{"line":46,"column":78}},"14":{"start":{"line":47,"column":57},"end":{"line":49,"column":7}},"15":{"start":{"line":52,"column":24},"end":{"line":56,"column":7}},"16":{"start":{"line":60,"column":55},"end":{"line":64,"column":7}},"17":{"start":{"line":68,"column":55},"end":{"line":72,"column":7}},"18":{"start":{"line":76,"column":33},"end":{"line":76,"column":75}},"19":{"start":{"line":77,"column":57},"end":{"line":79,"column":7}},"20":{"start":{"line":96,"column":4},"end":{"line":96,"column":14}}},"fnMap":{"0":{"name":"(anonymous_0)","decl":{"start":{"line":7,"column":20},"end":{"line":7,"column":21}},"loc":{"start":{"line":7,"column":47},"end":{"line":13,"column":5}},"line":7},"1":{"name":"(anonymous_1)","decl":{"start":{"line":16,"column":13},"end":{"line":16,"column":14}},"loc":{"start":{"line":16,"column":27},"end":{"line":81,"column":3}},"line":16},"2":{"name":"(anonymous_2)","decl":{"start":{"line":18,"column":13},"end":{"line":18,"column":14}},"loc":{"start":{"line":18,"column":24},"end":{"line":22,"column":7}},"line":18},"3":{"name":"(anonymous_3)","decl":{"start":{"line":26,"column":13},"end":{"line":26,"column":14}},"loc":{"start":{"line":26,"column":48},"end":{"line":30,"column":7}},"line":26},"4":{"name":"(anonymous_4)","decl":{"start":{"line":34,"column":13},"end":{"line":34,"column":14}},"loc":{"start":{"line":34,"column":33},"end":{"line":34,"column":67}},"line":34},"5":{"name":"(anonymous_5)","decl":{"start":{"line":35,"column":20},"end":{"line":35,"column":21}},"loc":{"start":{"line":35,"column":57},"end":{"line":37,"column":7}},"line":35},"6":{"name":"(anonymous_6)","decl":{"start":{"line":40,"column":13},"end":{"line":40,"column":14}},"loc":{"start":{"line":40,"column":45},"end":{"line":40,"column":96}},"line":40},"7":{"name":"(anonymous_7)","decl":{"start":{"line":41,"column":20},"end":{"line":41,"column":21}},"loc":{"start":{"line":41,"column":69},"end":{"line":43,"column":7}},"line":41},"8":{"name":"(anonymous_8)","decl":{"start":{"line":46,"column":13},"end":{"line":46,"column":14}},"loc":{"start":{"line":46,"column":33},"end":{"line":46,"column":78}},"line":46},"9":{"name":"(anonymous_9)","decl":{"start":{"line":47,"column":20},"end":{"line":47,"column":21}},"loc":{"start":{"line":47,"column":57},"end":{"line":49,"column":7}},"line":47},"10":{"name":"(anonymous_10)","decl":{"start":{"line":52,"column":13},"end":{"line":52,"column":14}},"loc":{"start":{"line":52,"column":24},"end":{"line":56,"column":7}},"line":52},"11":{"name":"(anonymous_11)","decl":{"start":{"line":60,"column":13},"end":{"line":60,"column":14}},"loc":{"start":{"line":60,"column":55},"end":{"line":64,"column":7}},"line":60},"12":{"name":"(anonymous_12)","decl":{"start":{"line":68,"column":13},"end":{"line":68,"column":14}},"loc":{"start":{"line":68,"column":55},"end":{"line":72,"column":7}},"line":68},"13":{"name":"(anonymous_13)","decl":{"start":{"line":76,"column":13},"end":{"line":76,"column":14}},"loc":{"start":{"line":76,"column":33},"end":{"line":76,"column":75}},"line":76},"14":{"name":"(anonymous_14)","decl":{"start":{"line":77,"column":20},"end":{"line":77,"column":21}},"loc":{"start":{"line":77,"column":57},"end":{"line":79,"column":7}},"line":77}},"branchMap":{"0":{"loc":{"start":{"line":2,"column":21},"end":{"line":2,"column":88}},"type":"binary-expr","locations":[{"start":{"line":2,"column":21},"end":{"line":2,"column":54}},{"start":{"line":2,"column":58},"end":{"line":2,"column":88}}],"line":2},"1":{"loc":{"start":{"line":9,"column":6},"end":{"line":11,"column":7}},"type":"if","locations":[{"start":{"line":9,"column":6},"end":{"line":11,"column":7}},{"start":{},"end":{}}],"line":9}},"s":{"0":1,"1":1,"2":0,"3":0,"4":0,"5":0,"6":1,"7":0,"8":0,"9":0,"10":0,"11":0,"12":0,"13":0,"14":0,"15":0,"16":0,"17":0,"18":0,"19":0,"20":1},"f":{"0":0,"1":1,"2":0,"3":0,"4":0,"5":0,"6":0,"7":0,"8":0,"9":0,"10":0,"11":0,"12":0,"13":0,"14":0},"b":{"0":[1,1],"1":[0,0]},"inputSourceMap":{"version":3,"sources":["/Users/lsendel/IdeaProjects/sass/frontend/src/store/api/paymentApi.ts"],"mappings":"AAAA,SAAS,WAAW,sBAAsB;AAG1C,MAAM,eACJ,YAAY,IAAI,qBAAqB;AAiGhC,aAAM,aAAa,UAAU;AAAA,EAClC,aAAa;AAAA,EACb,WAAW,eAAe;AAAA,IACxB,SAAS,GAAG,YAAY;AAAA,IACxB,gBAAgB,CAAC,SAAS,EAAE,SAAS,MAAM;AACzC,YAAM,QAAS,SAAS,EAAgB,KAAK;AAC7C,UAAI,OAAO;AACT,gBAAQ,IAAI,iBAAiB,UAAU,KAAK,EAAE;AAAA,MAChD;AACA,aAAO;AAAA,IACT;AAAA,EACF,CAAC;AAAA,EACD,UAAU,CAAC,WAAW,iBAAiB,mBAAmB;AAAA,EAC1D,WAAW,cAAY;AAAA,IACrB,qBAAqB,QAAQ,SAG3B;AAAA,MACA,OAAO,WAAS;AAAA,QACd,KAAK;AAAA,QACL,QAAQ;AAAA,QACR;AAAA,MACF;AAAA,MACA,iBAAiB,CAAC,SAAS;AAAA,IAC7B,CAAC;AAAA,IAED,sBAAsB,QAAQ,SAK5B;AAAA,MACA,OAAO,CAAC,EAAE,iBAAiB,GAAG,KAAK,OAAO;AAAA,QACxC,KAAK,YAAY,eAAe;AAAA,QAChC,QAAQ;AAAA,QACR;AAAA,MACF;AAAA,MACA,iBAAiB,CAAC,WAAW,mBAAmB;AAAA,IAClD,CAAC;AAAA,IAED,yBAAyB,QAAQ,MAAyB;AAAA,MACxD,OAAO,oBAAkB,kBAAkB,cAAc;AAAA,MACzD,cAAc,CAAC,SAAS,QAAQ,mBAAmB;AAAA,QACjD,EAAE,MAAM,WAAW,IAAI,eAAe;AAAA,MACxC;AAAA,IACF,CAAC;AAAA,IAED,qBAAqB,QAAQ,MAM3B;AAAA,MACA,OAAO,CAAC,EAAE,gBAAgB,OAAO,MAC/B,kBAAkB,cAAc,WAAW,MAAM;AAAA,MACnD,cAAc,CAAC,SAAS,QAAQ,EAAE,gBAAgB,OAAO,MAAM;AAAA,QAC7D,EAAE,MAAM,WAAW,IAAI,GAAG,cAAc,IAAI,MAAM,GAAG;AAAA,MACvD;AAAA,IACF,CAAC;AAAA,IAED,sBAAsB,QAAQ,MAAiC;AAAA,MAC7D,OAAO,oBAAkB,kBAAkB,cAAc;AAAA,MACzD,cAAc,CAAC,SAAS,QAAQ,mBAAmB;AAAA,QACjD,EAAE,MAAM,qBAAqB,IAAI,eAAe;AAAA,MAClD;AAAA,IACF,CAAC;AAAA,IAED,qBAAqB,QAAQ,SAG3B;AAAA,MACA,OAAO,WAAS;AAAA,QACd,KAAK;AAAA,QACL,QAAQ;AAAA,QACR;AAAA,MACF;AAAA,MACA,iBAAiB,CAAC,eAAe;AAAA,IACnC,CAAC;AAAA,IAED,qBAAqB,QAAQ,SAM3B;AAAA,MACA,OAAO,CAAC,EAAE,iBAAiB,eAAe,OAAO;AAAA,QAC/C,KAAK,YAAY,eAAe;AAAA,QAChC,QAAQ;AAAA,QACR,QAAQ,EAAE,eAAe;AAAA,MAC3B;AAAA,MACA,iBAAiB,CAAC,eAAe;AAAA,IACnC,CAAC;AAAA,IAED,yBAAyB,QAAQ,SAM/B;AAAA,MACA,OAAO,CAAC,EAAE,iBAAiB,eAAe,OAAO;AAAA,QAC/C,KAAK,YAAY,eAAe;AAAA,QAChC,QAAQ;AAAA,QACR,QAAQ,EAAE,eAAe;AAAA,MAC3B;AAAA,MACA,iBAAiB,CAAC,eAAe;AAAA,IACnC,CAAC;AAAA,IAED,+BAA+B,QAAQ,MAA+B;AAAA,MACpE,OAAO,oBAAkB,0BAA0B,cAAc;AAAA,MACjE,cAAc,CAAC,SAAS,QAAQ,mBAAmB;AAAA,QACjD,EAAE,MAAM,iBAAiB,IAAI,eAAe;AAAA,MAC9C;AAAA,IACF,CAAC;AAAA,EACH;AACF,CAAC;AAEM,aAAM;AAAA,EACX;AAAA,EACA;AAAA,EACA;AAAA,EACA;AAAA,EACA;AAAA,EACA;AAAA,EACA;AAAA,EACA;AAAA,EACA;AAAA;AAAA,EAEA;AAAA,EACA;AACF,IAAI;","names":[]},"_coverageSchema":"1a1c01bbd47fc00a2c39e90264f33305004495a9","hash":"57071586273266e65e47d2603d9a3dd74e84d451"},"/Users/lsendel/IdeaProjects/sass/frontend/src/store/api/subscriptionApi.ts":{"path":"/Users/lsendel/IdeaProjects/sass/frontend/src/store/api/subscriptionApi.ts","statementMap":{"0":{"start":{"line":2,"column":21},"end":{"line":2,"column":88}},"1":{"start":{"line":3,"column":31},"end":{"line":82,"column":2}},"2":{"start":{"line":8,"column":20},"end":{"line":8,"column":41}},"3":{"start":{"line":9,"column":6},"end":{"line":11,"column":7}},"4":{"start":{"line":10,"column":8},"end":{"line":10,"column":56}},"5":{"start":{"line":12,"column":6},"end":{"line":12,"column":21}},"6":{"start":{"line":16,"column":27},"end":{"line":81,"column":3}},"7":{"start":{"line":19,"column":24},"end":{"line":23,"column":7}},"8":{"start":{"line":27,"column":33},"end":{"line":27,"column":81}},"9":{"start":{"line":28,"column":57},"end":{"line":30,"column":7}},"10":{"start":{"line":33,"column":47},"end":{"line":37,"column":7}},"11":{"start":{"line":41,"column":47},"end":{"line":45,"column":7}},"12":{"start":{"line":49,"column":47},"end":{"line":53,"column":7}},"13":{"start":{"line":57,"column":33},"end":{"line":57,"column":92}},"14":{"start":{"line":58,"column":57},"end":{"line":60,"column":7}},"15":{"start":{"line":63,"column":33},"end":{"line":63,"column":90}},"16":{"start":{"line":64,"column":57},"end":{"line":66,"column":7}},"17":{"start":{"line":70,"column":19},"end":{"line":70,"column":27}},"18":{"start":{"line":74,"column":27},"end":{"line":74,"column":56}},"19":{"start":{"line":78,"column":23},"end":{"line":78,"column":44}},"20":{"start":{"line":79,"column":32},"end":{"line":79,"column":79}},"21":{"start":{"line":98,"column":4},"end":{"line":98,"column":19}}},"fnMap":{"0":{"name":"(anonymous_0)","decl":{"start":{"line":7,"column":20},"end":{"line":7,"column":21}},"loc":{"start":{"line":7,"column":47},"end":{"line":13,"column":5}},"line":7},"1":{"name":"(anonymous_1)","decl":{"start":{"line":16,"column":13},"end":{"line":16,"column":14}},"loc":{"start":{"line":16,"column":27},"end":{"line":81,"column":3}},"line":16},"2":{"name":"(anonymous_2)","decl":{"start":{"line":19,"column":13},"end":{"line":19,"column":14}},"loc":{"start":{"line":19,"column":24},"end":{"line":23,"column":7}},"line":19},"3":{"name":"(anonymous_3)","decl":{"start":{"line":27,"column":13},"end":{"line":27,"column":14}},"loc":{"start":{"line":27,"column":33},"end":{"line":27,"column":81}},"line":27},"4":{"name":"(anonymous_4)","decl":{"start":{"line":28,"column":20},"end":{"line":28,"column":21}},"loc":{"start":{"line":28,"column":57},"end":{"line":30,"column":7}},"line":28},"5":{"name":"(anonymous_5)","decl":{"start":{"line":33,"column":13},"end":{"line":33,"column":14}},"loc":{"start":{"line":33,"column":47},"end":{"line":37,"column":7}},"line":33},"6":{"name":"(anonymous_6)","decl":{"start":{"line":41,"column":13},"end":{"line":41,"column":14}},"loc":{"start":{"line":41,"column":47},"end":{"line":45,"column":7}},"line":41},"7":{"name":"(anonymous_7)","decl":{"start":{"line":49,"column":13},"end":{"line":49,"column":14}},"loc":{"start":{"line":49,"column":47},"end":{"line":53,"column":7}},"line":49},"8":{"name":"(anonymous_8)","decl":{"start":{"line":57,"column":13},"end":{"line":57,"column":14}},"loc":{"start":{"line":57,"column":33},"end":{"line":57,"column":92}},"line":57},"9":{"name":"(anonymous_9)","decl":{"start":{"line":58,"column":20},"end":{"line":58,"column":21}},"loc":{"start":{"line":58,"column":57},"end":{"line":60,"column":7}},"line":58},"10":{"name":"(anonymous_10)","decl":{"start":{"line":63,"column":13},"end":{"line":63,"column":14}},"loc":{"start":{"line":63,"column":33},"end":{"line":63,"column":90}},"line":63},"11":{"name":"(anonymous_11)","decl":{"start":{"line":64,"column":20},"end":{"line":64,"column":21}},"loc":{"start":{"line":64,"column":57},"end":{"line":66,"column":7}},"line":64},"12":{"name":"(anonymous_12)","decl":{"start":{"line":70,"column":13},"end":{"line":70,"column":14}},"loc":{"start":{"line":70,"column":19},"end":{"line":70,"column":27}},"line":70},"13":{"name":"(anonymous_13)","decl":{"start":{"line":74,"column":13},"end":{"line":74,"column":14}},"loc":{"start":{"line":74,"column":27},"end":{"line":74,"column":56}},"line":74},"14":{"name":"(anonymous_14)","decl":{"start":{"line":78,"column":13},"end":{"line":78,"column":14}},"loc":{"start":{"line":78,"column":23},"end":{"line":78,"column":44}},"line":78},"15":{"name":"(anonymous_15)","decl":{"start":{"line":79,"column":20},"end":{"line":79,"column":21}},"loc":{"start":{"line":79,"column":32},"end":{"line":79,"column":79}},"line":79}},"branchMap":{"0":{"loc":{"start":{"line":2,"column":21},"end":{"line":2,"column":88}},"type":"binary-expr","locations":[{"start":{"line":2,"column":21},"end":{"line":2,"column":54}},{"start":{"line":2,"column":58},"end":{"line":2,"column":88}}],"line":2},"1":{"loc":{"start":{"line":9,"column":6},"end":{"line":11,"column":7}},"type":"if","locations":[{"start":{"line":9,"column":6},"end":{"line":11,"column":7}},{"start":{},"end":{}}],"line":9},"2":{"loc":{"start":{"line":79,"column":32},"end":{"line":79,"column":79}},"type":"cond-expr","locations":[{"start":{"line":79,"column":41},"end":{"line":79,"column":74}},{"start":{"line":79,"column":77},"end":{"line":79,"column":79}}],"line":79}},"s":{"0":1,"1":1,"2":0,"3":0,"4":0,"5":0,"6":1,"7":0,"8":0,"9":0,"10":0,"11":0,"12":0,"13":0,"14":0,"15":0,"16":0,"17":0,"18":0,"19":0,"20":0,"21":1},"f":{"0":0,"1":1,"2":0,"3":0,"4":0,"5":0,"6":0,"7":0,"8":0,"9":0,"10":0,"11":0,"12":0,"13":0,"14":0,"15":0},"b":{"0":[1,1],"1":[0,0],"2":[0,0]},"inputSourceMap":{"version":3,"sources":["/Users/lsendel/IdeaProjects/sass/frontend/src/store/api/subscriptionApi.ts"],"mappings":"AAAA,SAAS,WAAW,sBAAsB;AAG1C,MAAM,eACJ,YAAY,IAAI,qBAAqB;AA4FhC,aAAM,kBAAkB,UAAU;AAAA,EACvC,aAAa;AAAA,EACb,WAAW,eAAe;AAAA,IACxB,SAAS,GAAG,YAAY;AAAA,IACxB,gBAAgB,CAAC,SAAS,EAAE,SAAS,MAAM;AACzC,YAAM,QAAS,SAAS,EAAgB,KAAK;AAC7C,UAAI,OAAO;AACT,gBAAQ,IAAI,iBAAiB,UAAU,KAAK,EAAE;AAAA,MAChD;AACA,aAAO;AAAA,IACT;AAAA,EACF,CAAC;AAAA,EACD,UAAU,CAAC,gBAAgB,QAAQ,WAAW,wBAAwB;AAAA,EACtE,WAAW,cAAY;AAAA;AAAA,IAErB,oBAAoB,QAAQ,SAG1B;AAAA,MACA,OAAO,WAAS;AAAA,QACd,KAAK;AAAA,QACL,QAAQ;AAAA,QACR;AAAA,MACF;AAAA,MACA,iBAAiB,CAAC,gBAAgB,wBAAwB;AAAA,IAC5D,CAAC;AAAA,IAED,6BAA6B,QAAQ,MAA4B;AAAA,MAC/D,OAAO,oBAAkB,gCAAgC,cAAc;AAAA,MACvE,cAAc,CAAC,SAAS,QAAQ,mBAAmB;AAAA,QACjD,EAAE,MAAM,gBAAgB,IAAI,eAAe;AAAA,MAC7C;AAAA,IACF,CAAC;AAAA,IAED,wBAAwB,QAAQ,SAK9B;AAAA,MACA,OAAO,CAAC,EAAE,gBAAgB,GAAG,KAAK,OAAO;AAAA,QACvC,KAAK,kBAAkB,cAAc;AAAA,QACrC,QAAQ;AAAA,QACR;AAAA,MACF;AAAA,MACA,iBAAiB,CAAC,gBAAgB,wBAAwB;AAAA,IAC5D,CAAC;AAAA,IAED,oBAAoB,QAAQ,SAK1B;AAAA,MACA,OAAO,CAAC,EAAE,gBAAgB,GAAG,KAAK,OAAO;AAAA,QACvC,KAAK,kBAAkB,cAAc;AAAA,QACrC,QAAQ;AAAA,QACR;AAAA,MACF;AAAA,MACA,iBAAiB,CAAC,gBAAgB,wBAAwB;AAAA,IAC5D,CAAC;AAAA,IAED,wBAAwB,QAAQ,SAK9B;AAAA,MACA,OAAO,CAAC,EAAE,gBAAgB,GAAG,KAAK,OAAO;AAAA,QACvC,KAAK,kBAAkB,cAAc;AAAA,QACrC,QAAQ;AAAA,QACR;AAAA,MACF;AAAA,MACA,iBAAiB,CAAC,gBAAgB,wBAAwB;AAAA,IAC5D,CAAC;AAAA,IAED,2BAA2B,QAAQ,MAAsC;AAAA,MACvE,OAAO,oBACL,gCAAgC,cAAc;AAAA,MAChD,cAAc,CAAC,SAAS,QAAQ,mBAAmB;AAAA,QACjD,EAAE,MAAM,0BAA0B,IAAI,eAAe;AAAA,MACvD;AAAA,IACF,CAAC;AAAA,IAED,yBAAyB,QAAQ,MAAyB;AAAA,MACxD,OAAO,oBACL,gCAAgC,cAAc;AAAA,MAChD,cAAc,CAAC,SAAS,QAAQ,mBAAmB;AAAA,QACjD,EAAE,MAAM,WAAW,IAAI,eAAe;AAAA,MACxC;AAAA,IACF,CAAC;AAAA;AAAA,IAGD,mBAAmB,QAAQ,MAAoB;AAAA,MAC7C,OAAO,MAAM;AAAA,MACb,cAAc,CAAC,MAAM;AAAA,IACvB,CAAC;AAAA,IAED,oBAAoB,QAAQ,MAA4B;AAAA,MACtD,OAAO,cAAY,mBAAmB,QAAQ;AAAA,MAC9C,cAAc,CAAC,MAAM;AAAA,IACvB,CAAC;AAAA,IAED,eAAe,QAAQ,MAAoB;AAAA,MACzC,OAAO,UAAQ,eAAe,IAAI;AAAA,MAClC,cAAc,YAAW,SAAS,CAAC,EAAE,MAAM,QAAQ,IAAI,OAAO,GAAG,CAAC,IAAI,CAAC;AAAA,IACzE,CAAC;AAAA,EACH;AACF,CAAC;AAEM,aAAM;AAAA,EACX;AAAA,EACA;AAAA,EACA;AAAA,EACA;AAAA,EACA;AAAA,EACA;AAAA,EACA;AAAA,EACA;AAAA,EACA;AAAA,EACA;AAAA;AAAA,EAEA;AAAA,EACA;AAAA,EACA;AACF,IAAI;","names":[]},"_coverageSchema":"1a1c01bbd47fc00a2c39e90264f33305004495a9","hash":"96c1388e03268cdd7533992ac48d2d5de1cf4a88"},"/Users/lsendel/IdeaProjects/sass/frontend/src/store/slices/authSlice.ts":{"path":"/Users/lsendel/IdeaProjects/sass/frontend/src/store/slices/authSlice.ts","statementMap":{"0":{"start":{"line":2,"column":21},"end":{"line":8,"column":1}},"1":{"start":{"line":9,"column":18},"end":{"line":41,"column":2}},"2":{"start":{"line":14,"column":6},"end":{"line":14,"column":39}},"3":{"start":{"line":15,"column":6},"end":{"line":15,"column":41}},"4":{"start":{"line":16,"column":6},"end":{"line":16,"column":35}},"5":{"start":{"line":17,"column":6},"end":{"line":17,"column":25}},"6":{"start":{"line":20,"column":6},"end":{"line":22,"column":7}},"7":{"start":{"line":21,"column":8},"end":{"line":21,"column":58}},"8":{"start":{"line":25,"column":6},"end":{"line":25,"column":39}},"9":{"start":{"line":28,"column":6},"end":{"line":28,"column":35}},"10":{"start":{"line":31,"column":6},"end":{"line":31,"column":24}},"11":{"start":{"line":32,"column":6},"end":{"line":32,"column":25}},"12":{"start":{"line":33,"column":6},"end":{"line":33,"column":36}},"13":{"start":{"line":34,"column":6},"end":{"line":34,"column":25}},"14":{"start":{"line":35,"column":6},"end":{"line":35,"column":44}},"15":{"start":{"line":38,"column":6},"end":{"line":38,"column":25}},"16":{"start":{"line":49,"column":4},"end":{"line":49,"column":21}},"17":{"start":{"line":51,"column":33},"end":{"line":51,"column":59}},"18":{"start":{"line":51,"column":44},"end":{"line":51,"column":59}},"19":{"start":{"line":52,"column":27},"end":{"line":52,"column":54}},"20":{"start":{"line":52,"column":38},"end":{"line":52,"column":54}},"21":{"start":{"line":53,"column":37},"end":{"line":53,"column":74}},"22":{"start":{"line":53,"column":48},"end":{"line":53,"column":74}},"23":{"start":{"line":54,"column":33},"end":{"line":54,"column":64}},"24":{"start":{"line":54,"column":44},"end":{"line":54,"column":64}},"25":{"start":{"line":55,"column":31},"end":{"line":55,"column":58}},"26":{"start":{"line":55,"column":42},"end":{"line":55,"column":58}}},"fnMap":{"0":{"name":"(anonymous_0)","decl":{"start":{"line":13,"column":20},"end":{"line":13,"column":21}},"loc":{"start":{"line":13,"column":39},"end":{"line":18,"column":5}},"line":13},"1":{"name":"(anonymous_1)","decl":{"start":{"line":19,"column":16},"end":{"line":19,"column":17}},"loc":{"start":{"line":19,"column":35},"end":{"line":23,"column":5}},"line":19},"2":{"name":"(anonymous_2)","decl":{"start":{"line":24,"column":16},"end":{"line":24,"column":17}},"loc":{"start":{"line":24,"column":35},"end":{"line":26,"column":5}},"line":24},"3":{"name":"(anonymous_3)","decl":{"start":{"line":27,"column":14},"end":{"line":27,"column":15}},"loc":{"start":{"line":27,"column":33},"end":{"line":29,"column":5}},"line":27},"4":{"name":"(anonymous_4)","decl":{"start":{"line":30,"column":12},"end":{"line":30,"column":13}},"loc":{"start":{"line":30,"column":23},"end":{"line":36,"column":5}},"line":30},"5":{"name":"(anonymous_5)","decl":{"start":{"line":37,"column":16},"end":{"line":37,"column":17}},"loc":{"start":{"line":37,"column":27},"end":{"line":39,"column":5}},"line":37},"6":{"name":"(anonymous_6)","decl":{"start":{"line":51,"column":33},"end":{"line":51,"column":34}},"loc":{"start":{"line":51,"column":44},"end":{"line":51,"column":59}},"line":51},"7":{"name":"(anonymous_7)","decl":{"start":{"line":52,"column":27},"end":{"line":52,"column":28}},"loc":{"start":{"line":52,"column":38},"end":{"line":52,"column":54}},"line":52},"8":{"name":"(anonymous_8)","decl":{"start":{"line":53,"column":37},"end":{"line":53,"column":38}},"loc":{"start":{"line":53,"column":48},"end":{"line":53,"column":74}},"line":53},"9":{"name":"(anonymous_9)","decl":{"start":{"line":54,"column":33},"end":{"line":54,"column":34}},"loc":{"start":{"line":54,"column":44},"end":{"line":54,"column":64}},"line":54},"10":{"name":"(anonymous_10)","decl":{"start":{"line":55,"column":31},"end":{"line":55,"column":32}},"loc":{"start":{"line":55,"column":42},"end":{"line":55,"column":58}},"line":55}},"branchMap":{"0":{"loc":{"start":{"line":20,"column":6},"end":{"line":22,"column":7}},"type":"if","locations":[{"start":{"line":20,"column":6},"end":{"line":22,"column":7}},{"start":{},"end":{}}],"line":20}},"s":{"0":1,"1":1,"2":0,"3":0,"4":0,"5":0,"6":0,"7":0,"8":0,"9":0,"10":0,"11":0,"12":0,"13":0,"14":0,"15":0,"16":1,"17":1,"18":0,"19":1,"20":0,"21":1,"22":17,"23":1,"24":9,"25":1,"26":0},"f":{"0":0,"1":0,"2":0,"3":0,"4":0,"5":0,"6":0,"7":0,"8":17,"9":9,"10":0},"b":{"0":[0,0]},"inputSourceMap":{"version":3,"sources":["/Users/lsendel/IdeaProjects/sass/frontend/src/store/slices/authSlice.ts"],"mappings":"AAAA,SAAS,mBAAkC;AAoB3C,MAAM,eAA0B;AAAA,EAC9B,MAAM;AAAA,EACN,OAAO;AAAA,EACP,iBAAiB;AAAA,EACjB,WAAW;AAAA,EACX,OAAO;AACT;AAEA,MAAM,YAAY,YAAY;AAAA,EAC5B,MAAM;AAAA,EACN;AAAA,EACA,UAAU;AAAA,IACR,gBAAgB,CACd,OACA,WACG;AACH,YAAM,OAAO,OAAO,QAAQ;AAC5B,YAAM,QAAQ,OAAO,QAAQ;AAC7B,YAAM,kBAAkB;AACxB,YAAM,QAAQ;AAAA,IAChB;AAAA,IACA,YAAY,CAAC,OAAO,WAAyC;AAC3D,UAAI,MAAM,MAAM;AACd,cAAM,OAAO,EAAE,GAAG,MAAM,MAAM,GAAG,OAAO,QAAQ;AAAA,MAClD;AAAA,IACF;AAAA,IACA,YAAY,CAAC,OAAO,WAAmC;AACrD,YAAM,YAAY,OAAO;AAAA,IAC3B;AAAA,IACA,UAAU,CAAC,OAAO,WAAyC;AACzD,YAAM,QAAQ,OAAO;AAAA,IACvB;AAAA,IACA,QAAQ,WAAS;AACf,YAAM,OAAO;AACb,YAAM,QAAQ;AACd,YAAM,kBAAkB;AACxB,YAAM,QAAQ;AAEd,mBAAa,WAAW,YAAY;AAAA,IACtC;AAAA,IACA,YAAY,WAAS;AACnB,YAAM,QAAQ;AAAA,IAChB;AAAA,EACF;AACF,CAAC;AAEM,aAAM;AAAA,EACX;AAAA,EACA;AAAA,EACA;AAAA,EACA;AAAA,EACA;AAAA,EACA;AACF,IAAI,UAAU;AAEd,eAAe,UAAU;AAGlB,aAAM,oBAAoB,CAAC,UAA+B,MAAM,KAAK;AACrE,aAAM,cAAc,CAAC,UAA+B,MAAM,KAAK;AAC/D,aAAM,wBAAwB,CAAC,UACpC,MAAM,KAAK;AACN,aAAM,oBAAoB,CAAC,UAChC,MAAM,KAAK;AACN,aAAM,kBAAkB,CAAC,UAA+B,MAAM,KAAK;","names":[]},"_coverageSchema":"1a1c01bbd47fc00a2c39e90264f33305004495a9","hash":"7b714b506ca0a803d4a15ed83d2a4edabbfbf47a"},"/Users/lsendel/IdeaProjects/sass/frontend/src/store/slices/uiSlice.ts":{"path":"/Users/lsendel/IdeaProjects/sass/frontend/src/store/slices/uiSlice.ts","statementMap":{"0":{"start":{"line":2,"column":21},"end":{"line":15,"column":1}},"1":{"start":{"line":16,"column":16},"end":{"line":63,"column":2}},"2":{"start":{"line":21,"column":6},"end":{"line":21,"column":35}},"3":{"start":{"line":22,"column":6},"end":{"line":22,"column":52}},"4":{"start":{"line":25,"column":6},"end":{"line":25,"column":45}},"5":{"start":{"line":28,"column":6},"end":{"line":28,"column":41}},"6":{"start":{"line":31,"column":6},"end":{"line":31,"column":44}},"7":{"start":{"line":34,"column":6},"end":{"line":34,"column":82}},"8":{"start":{"line":37,"column":27},"end":{"line":40,"column":7}},"9":{"start":{"line":41,"column":6},"end":{"line":41,"column":45}},"10":{"start":{"line":44,"column":6},"end":{"line":46,"column":8}},"11":{"start":{"line":45,"column":15},"end":{"line":45,"column":38}},"12":{"start":{"line":49,"column":6},"end":{"line":49,"column":31}},"13":{"start":{"line":52,"column":6},"end":{"line":52,"column":42}},"14":{"start":{"line":55,"column":6},"end":{"line":55,"column":43}},"15":{"start":{"line":58,"column":6},"end":{"line":60,"column":9}},"16":{"start":{"line":59,"column":8},"end":{"line":59,"column":34}},"17":{"start":{"line":76,"column":4},"end":{"line":76,"column":19}},"18":{"start":{"line":78,"column":27},"end":{"line":78,"column":52}},"19":{"start":{"line":78,"column":38},"end":{"line":78,"column":52}},"20":{"start":{"line":79,"column":33},"end":{"line":79,"column":64}},"21":{"start":{"line":79,"column":44},"end":{"line":79,"column":64}},"22":{"start":{"line":80,"column":35},"end":{"line":80,"column":69}},"23":{"start":{"line":80,"column":46},"end":{"line":80,"column":69}},"24":{"start":{"line":81,"column":38},"end":{"line":81,"column":111}},"25":{"start":{"line":81,"column":53},"end":{"line":81,"column":111}},"26":{"start":{"line":81,"column":64},"end":{"line":81,"column":111}},"27":{"start":{"line":82,"column":35},"end":{"line":82,"column":68}},"28":{"start":{"line":82,"column":46},"end":{"line":82,"column":68}},"29":{"start":{"line":83,"column":28},"end":{"line":83,"column":54}},"30":{"start":{"line":83,"column":39},"end":{"line":83,"column":54}}},"fnMap":{"0":{"name":"(anonymous_0)","decl":{"start":{"line":20,"column":14},"end":{"line":20,"column":15}},"loc":{"start":{"line":20,"column":33},"end":{"line":23,"column":5}},"line":20},"1":{"name":"(anonymous_1)","decl":{"start":{"line":24,"column":19},"end":{"line":24,"column":20}},"loc":{"start":{"line":24,"column":30},"end":{"line":26,"column":5}},"line":24},"2":{"name":"(anonymous_2)","decl":{"start":{"line":27,"column":20},"end":{"line":27,"column":21}},"loc":{"start":{"line":27,"column":39},"end":{"line":29,"column":5}},"line":27},"3":{"name":"(anonymous_3)","decl":{"start":{"line":30,"column":22},"end":{"line":30,"column":23}},"loc":{"start":{"line":30,"column":41},"end":{"line":32,"column":5}},"line":30},"4":{"name":"(anonymous_4)","decl":{"start":{"line":33,"column":25},"end":{"line":33,"column":26}},"loc":{"start":{"line":33,"column":44},"end":{"line":35,"column":5}},"line":33},"5":{"name":"(anonymous_5)","decl":{"start":{"line":36,"column":21},"end":{"line":36,"column":22}},"loc":{"start":{"line":36,"column":40},"end":{"line":42,"column":5}},"line":36},"6":{"name":"(anonymous_6)","decl":{"start":{"line":43,"column":24},"end":{"line":43,"column":25}},"loc":{"start":{"line":43,"column":43},"end":{"line":47,"column":5}},"line":43},"7":{"name":"(anonymous_7)","decl":{"start":{"line":45,"column":8},"end":{"line":45,"column":9}},"loc":{"start":{"line":45,"column":15},"end":{"line":45,"column":38}},"line":45},"8":{"name":"(anonymous_8)","decl":{"start":{"line":48,"column":24},"end":{"line":48,"column":25}},"loc":{"start":{"line":48,"column":35},"end":{"line":50,"column":5}},"line":48},"9":{"name":"(anonymous_9)","decl":{"start":{"line":51,"column":15},"end":{"line":51,"column":16}},"loc":{"start":{"line":51,"column":34},"end":{"line":53,"column":5}},"line":51},"10":{"name":"(anonymous_10)","decl":{"start":{"line":54,"column":16},"end":{"line":54,"column":17}},"loc":{"start":{"line":54,"column":35},"end":{"line":56,"column":5}},"line":54},"11":{"name":"(anonymous_11)","decl":{"start":{"line":57,"column":20},"end":{"line":57,"column":21}},"loc":{"start":{"line":57,"column":31},"end":{"line":61,"column":5}},"line":57},"12":{"name":"(anonymous_12)","decl":{"start":{"line":58,"column":40},"end":{"line":58,"column":41}},"loc":{"start":{"line":58,"column":49},"end":{"line":60,"column":7}},"line":58},"13":{"name":"(anonymous_13)","decl":{"start":{"line":78,"column":27},"end":{"line":78,"column":28}},"loc":{"start":{"line":78,"column":38},"end":{"line":78,"column":52}},"line":78},"14":{"name":"(anonymous_14)","decl":{"start":{"line":79,"column":33},"end":{"line":79,"column":34}},"loc":{"start":{"line":79,"column":44},"end":{"line":79,"column":64}},"line":79},"15":{"name":"(anonymous_15)","decl":{"start":{"line":80,"column":35},"end":{"line":80,"column":36}},"loc":{"start":{"line":80,"column":46},"end":{"line":80,"column":69}},"line":80},"16":{"name":"(anonymous_16)","decl":{"start":{"line":81,"column":38},"end":{"line":81,"column":39}},"loc":{"start":{"line":81,"column":53},"end":{"line":81,"column":111}},"line":81},"17":{"name":"(anonymous_17)","decl":{"start":{"line":81,"column":53},"end":{"line":81,"column":54}},"loc":{"start":{"line":81,"column":64},"end":{"line":81,"column":111}},"line":81},"18":{"name":"(anonymous_18)","decl":{"start":{"line":82,"column":35},"end":{"line":82,"column":36}},"loc":{"start":{"line":82,"column":46},"end":{"line":82,"column":68}},"line":82},"19":{"name":"(anonymous_19)","decl":{"start":{"line":83,"column":28},"end":{"line":83,"column":29}},"loc":{"start":{"line":83,"column":39},"end":{"line":83,"column":54}},"line":83}},"branchMap":{"0":{"loc":{"start":{"line":81,"column":64},"end":{"line":81,"column":111}},"type":"binary-expr","locations":[{"start":{"line":81,"column":64},"end":{"line":81,"column":102}},{"start":{"line":81,"column":106},"end":{"line":81,"column":111}}],"line":81}},"s":{"0":1,"1":1,"2":0,"3":0,"4":0,"5":0,"6":0,"7":0,"8":0,"9":0,"10":0,"11":0,"12":0,"13":0,"14":0,"15":0,"16":0,"17":1,"18":1,"19":0,"20":1,"21":0,"22":1,"23":0,"24":1,"25":0,"26":0,"27":1,"28":0,"29":1,"30":0},"f":{"0":0,"1":0,"2":0,"3":0,"4":0,"5":0,"6":0,"7":0,"8":0,"9":0,"10":0,"11":0,"12":0,"13":0,"14":0,"15":0,"16":0,"17":0,"18":0,"19":0},"b":{"0":[0,0]},"inputSourceMap":{"version":3,"sources":["/Users/lsendel/IdeaProjects/sass/frontend/src/store/slices/uiSlice.ts"],"mappings":"AAAA,SAAS,mBAAkC;AA+B3C,MAAM,eAAwB;AAAA,EAC5B,OAAO;AAAA,EACP,aAAa;AAAA,EACb,SAAS;AAAA,IACP,QAAQ;AAAA,IACR,YAAY,CAAC;AAAA,EACf;AAAA,EACA,eAAe,CAAC;AAAA,EAChB,QAAQ;AAAA,IACN,0BAA0B;AAAA,IAC1B,yBAAyB;AAAA,IACzB,uBAAuB;AAAA,EACzB;AACF;AAEA,MAAM,UAAU,YAAY;AAAA,EAC1B,MAAM;AAAA,EACN;AAAA,EACA,UAAU;AAAA,IACR,UAAU,CAAC,OAAO,WAAiC;AACjD,YAAM,QAAQ,OAAO;AAErB,mBAAa,QAAQ,SAAS,OAAO,OAAO;AAAA,IAC9C;AAAA,IACA,eAAe,WAAS;AACtB,YAAM,cAAc,CAAC,MAAM;AAAA,IAC7B;AAAA,IACA,gBAAgB,CAAC,OAAO,WAAmC;AACzD,YAAM,cAAc,OAAO;AAAA,IAC7B;AAAA,IACA,kBAAkB,CAAC,OAAO,WAAmC;AAC3D,YAAM,QAAQ,SAAS,OAAO;AAAA,IAChC;AAAA,IACA,qBAAqB,CACnB,OACA,WACG;AACH,YAAM,QAAQ,WAAW,OAAO,QAAQ,SAAS,IAC/C,OAAO,QAAQ;AAAA,IACnB;AAAA,IACA,iBAAiB,CACf,OACA,WACG;AACH,YAAM,eAA6B;AAAA,QACjC,GAAG,OAAO;AAAA,QACV,IAAI,KAAK,IAAI,EAAE,SAAS,IAAI,KAAK,OAAO,EAAE,SAAS,EAAE,EAAE,OAAO,GAAG,CAAC;AAAA,MACpE;AACA,YAAM,cAAc,KAAK,YAAY;AAAA,IACvC;AAAA,IACA,oBAAoB,CAAC,OAAO,WAAkC;AAC5D,YAAM,gBAAgB,MAAM,cAAc;AAAA,QACxC,OAAK,EAAE,OAAO,OAAO;AAAA,MACvB;AAAA,IACF;AAAA,IACA,oBAAoB,WAAS;AAC3B,YAAM,gBAAgB,CAAC;AAAA,IACzB;AAAA,IACA,WAAW,CAAC,OAAO,WAAmD;AACpE,YAAM,OAAO,OAAO,OAAO,IAAI;AAAA,IACjC;AAAA,IACA,YAAY,CAAC,OAAO,WAAmD;AACrE,YAAM,OAAO,OAAO,OAAO,IAAI;AAAA,IACjC;AAAA,IACA,gBAAgB,WAAS;AACvB,aAAO,KAAK,MAAM,MAAM,EAAE,QAAQ,SAAO;AACvC,cAAM,OAAO,GAA8B,IAAI;AAAA,MACjD,CAAC;AAAA,IACH;AAAA,EACF;AACF,CAAC;AAEM,aAAM;AAAA,EACX;AAAA,EACA;AAAA,EACA;AAAA,EACA;AAAA,EACA;AAAA,EACA;AAAA,EACA;AAAA,EACA;AAAA,EACA;AAAA,EACA;AAAA,EACA;AACF,IAAI,QAAQ;AAEZ,eAAe,QAAQ;AAGhB,aAAM,cAAc,CAAC,UAA2B,MAAM,GAAG;AACzD,aAAM,oBAAoB,CAAC,UAChC,MAAM,GAAG;AACJ,aAAM,sBAAsB,CAAC,UAClC,MAAM,GAAG,QAAQ;AACZ,aAAM,yBACX,CAAC,cAAsB,CAAC,UACtB,MAAM,GAAG,QAAQ,WAAW,SAAS,KAAK;AACvC,aAAM,sBAAsB,CAAC,UAClC,MAAM,GAAG;AACJ,aAAM,eAAe,CAAC,UAA2B,MAAM,GAAG;","names":[]},"_coverageSchema":"1a1c01bbd47fc00a2c39e90264f33305004495a9","hash":"c72c958e6bbbac0b6bc41ce8d231fc6e06fe4220"},"/Users/lsendel/IdeaProjects/sass/frontend/src/store/hooks.ts":{"path":"/Users/lsendel/IdeaProjects/sass/frontend/src/store/hooks.ts","statementMap":{"0":{"start":{"line":2,"column":30},"end":{"line":2,"column":49}},"1":{"start":{"line":2,"column":36},"end":{"line":2,"column":49}},"2":{"start":{"line":3,"column":30},"end":{"line":3,"column":41}}},"fnMap":{"0":{"name":"(anonymous_0)","decl":{"start":{"line":2,"column":30},"end":{"line":2,"column":31}},"loc":{"start":{"line":2,"column":36},"end":{"line":2,"column":49}},"line":2}},"branchMap":{},"s":{"0":1,"1":6,"2":1},"f":{"0":6},"b":{},"inputSourceMap":{"version":3,"sources":["/Users/lsendel/IdeaProjects/sass/frontend/src/store/hooks.ts"],"mappings":"AAAA,SAAS,aAAa,mBAAmB;AAIlC,aAAM,iBAAiB,MAAM,YAAyB;AACtD,aAAM,iBAAkD;","names":[]},"_coverageSchema":"1a1c01bbd47fc00a2c39e90264f33305004495a9","hash":"122ee779c1a9c8453c02ec844ebc26a60a2af760"},"/Users/lsendel/IdeaProjects/sass/frontend/src/store/index.ts":{"path":"/Users/lsendel/IdeaProjects/sass/frontend/src/store/index.ts","statementMap":{"0":{"start":{"line":9,"column":21},"end":{"line":31,"column":2}},"1":{"start":{"line":19,"column":40},"end":{"line":29,"column":158}}},"fnMap":{"0":{"name":"(anonymous_0)","decl":{"start":{"line":19,"column":14},"end":{"line":19,"column":15}},"loc":{"start":{"line":19,"column":40},"end":{"line":29,"column":158}},"line":19}},"branchMap":{},"s":{"0":1,"1":1},"f":{"0":1},"b":{},"inputSourceMap":{"version":3,"sources":["/Users/lsendel/IdeaProjects/sass/frontend/src/store/index.ts"],"mappings":"AAAA,SAAS,sBAAsB;AAC/B,SAAS,eAAe;AACxB,SAAS,eAAe;AACxB,SAAS,uBAAuB;AAChC,SAAS,kBAAkB;AAC3B,SAAS,uBAAuB;AAChC,OAAO,iBAAiB;AACxB,OAAO,eAAe;AAEf,aAAM,QAAQ,eAAe;AAAA,EAClC,SAAS;AAAA,IACP,MAAM;AAAA,IACN,IAAI;AAAA,IACJ,CAAC,QAAQ,WAAW,GAAG,QAAQ;AAAA,IAC/B,CAAC,QAAQ,WAAW,GAAG,QAAQ;AAAA,IAC/B,CAAC,gBAAgB,WAAW,GAAG,gBAAgB;AAAA,IAC/C,CAAC,WAAW,WAAW,GAAG,WAAW;AAAA,IACrC,CAAC,gBAAgB,WAAW,GAAG,gBAAgB;AAAA,EACjD;AAAA,EACA,YAAY,0BACV,qBAAqB;AAAA,IACnB,mBAAmB;AAAA,MACjB,gBAAgB;AAAA,QACd;AAAA,QACA;AAAA,QACA;AAAA,QACA;AAAA,QACA;AAAA,MACF;AAAA,IACF;AAAA,EACF,CAAC,EACE,OAAO,QAAQ,UAAU,EACzB,OAAO,QAAQ,UAAU,EACzB,OAAO,gBAAgB,UAAU,EACjC,OAAO,WAAW,UAAU,EAC5B,OAAO,gBAAgB,UAAU;AAAA,EACtC,UAAU,YAAY,IAAI;AAC5B,CAAC;AAMD,SAAS,gBAAgB,sBAAsB;","names":[]},"_coverageSchema":"1a1c01bbd47fc00a2c39e90264f33305004495a9","hash":"ac21178b6f33a688747e57b38e60616ce1b3af6e"},"/Users/lsendel/IdeaProjects/sass/frontend/src/components/layouts/AuthLayout.tsx":{"path":"/Users/lsendel/IdeaProjects/sass/frontend/src/components/layouts/AuthLayout.tsx","statementMap":{"0":{"start":{"line":3,"column":20},"end":{"line":3,"column":97}},"1":{"start":{"line":6,"column":0},"end":{"line":16,"column":1}},"2":{"start":{"line":7,"column":2},"end":{"line":11,"column":3}},"3":{"start":{"line":8,"column":4},"end":{"line":10,"column":6}},"4":{"start":{"line":12,"column":2},"end":{"line":12,"column":39}},"5":{"start":{"line":13,"column":2},"end":{"line":13,"column":39}},"6":{"start":{"line":14,"column":2},"end":{"line":14,"column":136}},"7":{"start":{"line":15,"column":2},"end":{"line":15,"column":75}},"8":{"start":{"line":18,"column":19},"end":{"line":76,"column":1}},"9":{"start":{"line":19,"column":2},"end":{"line":75,"column":11}},"10":{"start":{"line":77,"column":0},"end":{"line":77,"column":16}},"11":{"start":{"line":80,"column":0},"end":{"line":80,"column":31}},"12":{"start":{"line":81,"column":0},"end":{"line":84,"column":1}},"13":{"start":{"line":82,"column":2},"end":{"line":82,"column":39}},"14":{"start":{"line":83,"column":2},"end":{"line":83,"column":39}},"15":{"start":{"line":85,"column":0},"end":{"line":94,"column":1}},"16":{"start":{"line":86,"column":2},"end":{"line":93,"column":5}},"17":{"start":{"line":87,"column":4},"end":{"line":87,"column":149}},"18":{"start":{"line":88,"column":4},"end":{"line":92,"column":7}},"19":{"start":{"line":89,"column":6},"end":{"line":89,"column":31}},"20":{"start":{"line":89,"column":24},"end":{"line":89,"column":31}},"21":{"start":{"line":90,"column":32},"end":{"line":90,"column":198}},"22":{"start":{"line":91,"column":6},"end":{"line":91,"column":75}},"23":{"start":{"line":91,"column":29},"end":{"line":91,"column":75}}},"fnMap":{"0":{"name":"(anonymous_0)","decl":{"start":{"line":18,"column":19},"end":{"line":18,"column":20}},"loc":{"start":{"line":18,"column":25},"end":{"line":76,"column":1}},"line":18},"1":{"name":"(anonymous_1)","decl":{"start":{"line":86,"column":52},"end":{"line":86,"column":53}},"loc":{"start":{"line":86,"column":72},"end":{"line":93,"column":3}},"line":86},"2":{"name":"(anonymous_2)","decl":{"start":{"line":88,"column":27},"end":{"line":88,"column":28}},"loc":{"start":{"line":88,"column":44},"end":{"line":92,"column":5}},"line":88}},"branchMap":{"0":{"loc":{"start":{"line":3,"column":20},"end":{"line":3,"column":97}},"type":"binary-expr","locations":[{"start":{"line":3,"column":20},"end":{"line":3,"column":60}},{"start":{"line":3,"column":64},"end":{"line":3,"column":97}}],"line":3},"1":{"loc":{"start":{"line":6,"column":0},"end":{"line":16,"column":1}},"type":"if","locations":[{"start":{"line":6,"column":0},"end":{"line":16,"column":1}},{"start":{},"end":{}}],"line":6},"2":{"loc":{"start":{"line":6,"column":4},"end":{"line":6,"column":35}},"type":"binary-expr","locations":[{"start":{"line":6,"column":4},"end":{"line":6,"column":19}},{"start":{"line":6,"column":23},"end":{"line":6,"column":35}}],"line":6},"3":{"loc":{"start":{"line":7,"column":2},"end":{"line":11,"column":3}},"type":"if","locations":[{"start":{"line":7,"column":2},"end":{"line":11,"column":3}},{"start":{},"end":{}}],"line":7},"4":{"loc":{"start":{"line":81,"column":0},"end":{"line":84,"column":1}},"type":"if","locations":[{"start":{"line":81,"column":0},"end":{"line":84,"column":1}},{"start":{},"end":{}}],"line":81},"5":{"loc":{"start":{"line":81,"column":4},"end":{"line":81,"column":35}},"type":"binary-expr","locations":[{"start":{"line":81,"column":4},"end":{"line":81,"column":19}},{"start":{"line":81,"column":23},"end":{"line":81,"column":35}}],"line":81},"6":{"loc":{"start":{"line":85,"column":0},"end":{"line":94,"column":1}},"type":"if","locations":[{"start":{"line":85,"column":0},"end":{"line":94,"column":1}},{"start":{},"end":{}}],"line":85},"7":{"loc":{"start":{"line":85,"column":4},"end":{"line":85,"column":35}},"type":"binary-expr","locations":[{"start":{"line":85,"column":4},"end":{"line":85,"column":19}},{"start":{"line":85,"column":23},"end":{"line":85,"column":35}}],"line":85},"8":{"loc":{"start":{"line":89,"column":6},"end":{"line":89,"column":31}},"type":"if","locations":[{"start":{"line":89,"column":6},"end":{"line":89,"column":31}},{"start":{},"end":{}}],"line":89},"9":{"loc":{"start":{"line":91,"column":6},"end":{"line":91,"column":75}},"type":"if","locations":[{"start":{"line":91,"column":6},"end":{"line":91,"column":75}},{"start":{},"end":{}}],"line":91}},"s":{"0":1,"1":1,"2":1,"3":0,"4":1,"5":1,"6":1,"7":1,"8":1,"9":4,"10":1,"11":1,"12":1,"13":1,"14":1,"15":1,"16":1,"17":1,"18":1,"19":0,"20":0,"21":0,"22":0,"23":0},"f":{"0":4,"1":1,"2":0},"b":{"0":[1,0],"1":[1,0],"2":[1,1],"3":[0,1],"4":[1,0],"5":[1,1],"6":[1,0],"7":[1,1],"8":[0,0],"9":[0,0]},"inputSourceMap":{"version":3,"mappings":"AASY;;;;;;;;;;;;;;;;AARZ,SAASA,cAAc;AAEvB,MAAMC,aAAuBA,MAAM;AACjC,SACE,uBAAC,SAAI,WAAU,8EACb;AAAA,2BAAC,SAAI,WAAU,oCACb;AAAA,6BAAC,SAAI,WAAU,uBACb,iCAAC,SAAI,WAAU,wEACb,iCAAC,UAAK,WAAU,gCAA+B,iBAA/C;AAAA;AAAA;AAAA;AAAA,aAAgD,KADlD;AAAA;AAAA;AAAA;AAAA,aAEA,KAHF;AAAA;AAAA;AAAA;AAAA,aAIA;AAAA,MACA,uBAAC,QAAG,WAAU,oEAAkE,gCAAhF;AAAA;AAAA;AAAA;AAAA,aAEA;AAAA,MACA,uBAAC,OAAE,WAAU,0CAAwC,gEAArD;AAAA;AAAA;AAAA;AAAA,aAEA;AAAA,SAXF;AAAA;AAAA;AAAA;AAAA,WAYA;AAAA,IAEA,uBAAC,SAAI,WAAU,yCACb,iCAAC,SAAI,WAAU,oDACb,iCAAC,YAAD;AAAA;AAAA;AAAA;AAAA,WAAO,KADT;AAAA;AAAA;AAAA;AAAA,WAEA,KAHF;AAAA;AAAA;AAAA;AAAA,WAIA;AAAA,IAEA,uBAAC,YAAO,WAAU,0CAChB,iCAAC,OAAE,6DAAH;AAAA;AAAA;AAAA;AAAA,WAAqD,KADvD;AAAA;AAAA;AAAA;AAAA,WAEA;AAAA,OAvBF;AAAA;AAAA;AAAA;AAAA,SAwBA;AAEJ;AAACC,KA5BKD;AA8BN,eAAeA;AAAU,IAAAC;AAAAC,aAAAD,IAAA","names":["Outlet","AuthLayout","_c","$RefreshReg$"],"ignoreList":[],"sources":["/Users/lsendel/IdeaProjects/sass/frontend/src/components/layouts/AuthLayout.tsx"],"file":"/Users/lsendel/IdeaProjects/sass/frontend/src/components/layouts/AuthLayout.tsx"},"_coverageSchema":"1a1c01bbd47fc00a2c39e90264f33305004495a9","hash":"98ca7c5bbac2bfb2eec140ce386a5929e6f29f8b"},"/Users/lsendel/IdeaProjects/sass/frontend/src/components/layouts/DashboardLayout.tsx":{"path":"/Users/lsendel/IdeaProjects/sass/frontend/src/components/layouts/DashboardLayout.tsx","statementMap":{"0":{"start":{"line":3,"column":20},"end":{"line":3,"column":97}},"1":{"start":{"line":6,"column":0},"end":{"line":16,"column":1}},"2":{"start":{"line":7,"column":2},"end":{"line":11,"column":3}},"3":{"start":{"line":8,"column":4},"end":{"line":10,"column":6}},"4":{"start":{"line":12,"column":2},"end":{"line":12,"column":39}},"5":{"start":{"line":13,"column":2},"end":{"line":13,"column":39}},"6":{"start":{"line":14,"column":2},"end":{"line":14,"column":141}},"7":{"start":{"line":15,"column":2},"end":{"line":15,"column":75}},"8":{"start":{"line":17,"column":9},"end":{"line":17,"column":23}},"9":{"start":{"line":35,"column":19},"end":{"line":41,"column":1}},"10":{"start":{"line":42,"column":24},"end":{"line":250,"column":1}},"11":{"start":{"line":43,"column":2},"end":{"line":43,"column":7}},"12":{"start":{"line":44,"column":19},"end":{"line":44,"column":32}},"13":{"start":{"line":45,"column":19},"end":{"line":45,"column":35}},"14":{"start":{"line":46,"column":15},"end":{"line":46,"column":48}},"15":{"start":{"line":47,"column":27},"end":{"line":47,"column":46}},"16":{"start":{"line":48,"column":40},"end":{"line":48,"column":55}},"17":{"start":{"line":49,"column":23},"end":{"line":57,"column":3}},"18":{"start":{"line":50,"column":4},"end":{"line":56,"column":5}},"19":{"start":{"line":51,"column":6},"end":{"line":51,"column":38}},"20":{"start":{"line":53,"column":6},"end":{"line":53,"column":45}},"21":{"start":{"line":55,"column":6},"end":{"line":55,"column":25}},"22":{"start":{"line":58,"column":2},"end":{"line":249,"column":11}},"23":{"start":{"line":71,"column":29},"end":{"line":71,"column":50}},"24":{"start":{"line":88,"column":31},"end":{"line":88,"column":52}},"25":{"start":{"line":171,"column":27},"end":{"line":171,"column":47}},"26":{"start":{"line":251,"column":0},"end":{"line":253,"column":3}},"27":{"start":{"line":252,"column":2},"end":{"line":252,"column":74}},"28":{"start":{"line":254,"column":0},"end":{"line":254,"column":21}},"29":{"start":{"line":255,"column":23},"end":{"line":395,"column":1}},"30":{"start":{"line":260,"column":2},"end":{"line":394,"column":11}},"31":{"start":{"line":286,"column":23},"end":{"line":286,"column":115}},"32":{"start":{"line":287,"column":6},"end":{"line":324,"column":8}},"33":{"start":{"line":396,"column":0},"end":{"line":396,"column":21}},"34":{"start":{"line":399,"column":0},"end":{"line":399,"column":36}},"35":{"start":{"line":400,"column":0},"end":{"line":400,"column":36}},"36":{"start":{"line":401,"column":0},"end":{"line":404,"column":1}},"37":{"start":{"line":402,"column":2},"end":{"line":402,"column":39}},"38":{"start":{"line":403,"column":2},"end":{"line":403,"column":39}},"39":{"start":{"line":405,"column":0},"end":{"line":414,"column":1}},"40":{"start":{"line":406,"column":2},"end":{"line":413,"column":5}},"41":{"start":{"line":407,"column":4},"end":{"line":407,"column":154}},"42":{"start":{"line":408,"column":4},"end":{"line":412,"column":7}},"43":{"start":{"line":409,"column":6},"end":{"line":409,"column":31}},"44":{"start":{"line":409,"column":24},"end":{"line":409,"column":31}},"45":{"start":{"line":410,"column":32},"end":{"line":410,"column":203}},"46":{"start":{"line":411,"column":6},"end":{"line":411,"column":75}},"47":{"start":{"line":411,"column":29},"end":{"line":411,"column":75}}},"fnMap":{"0":{"name":"(anonymous_0)","decl":{"start":{"line":42,"column":24},"end":{"line":42,"column":25}},"loc":{"start":{"line":42,"column":30},"end":{"line":250,"column":1}},"line":42},"1":{"name":"(anonymous_1)","decl":{"start":{"line":49,"column":23},"end":{"line":49,"column":24}},"loc":{"start":{"line":49,"column":35},"end":{"line":57,"column":3}},"line":49},"2":{"name":"(anonymous_2)","decl":{"start":{"line":71,"column":23},"end":{"line":71,"column":24}},"loc":{"start":{"line":71,"column":29},"end":{"line":71,"column":50}},"line":71},"3":{"name":"(anonymous_3)","decl":{"start":{"line":88,"column":25},"end":{"line":88,"column":26}},"loc":{"start":{"line":88,"column":31},"end":{"line":88,"column":52}},"line":88},"4":{"name":"(anonymous_4)","decl":{"start":{"line":171,"column":21},"end":{"line":171,"column":22}},"loc":{"start":{"line":171,"column":27},"end":{"line":171,"column":47}},"line":171},"5":{"name":"(anonymous_5)","decl":{"start":{"line":251,"column":59},"end":{"line":251,"column":60}},"loc":{"start":{"line":251,"column":70},"end":{"line":253,"column":1}},"line":251},"6":{"name":"(anonymous_6)","decl":{"start":{"line":255,"column":23},"end":{"line":255,"column":24}},"loc":{"start":{"line":259,"column":6},"end":{"line":395,"column":1}},"line":259},"7":{"name":"(anonymous_7)","decl":{"start":{"line":285,"column":195},"end":{"line":285,"column":196}},"loc":{"start":{"line":285,"column":205},"end":{"line":325,"column":5}},"line":285},"8":{"name":"(anonymous_8)","decl":{"start":{"line":406,"column":52},"end":{"line":406,"column":53}},"loc":{"start":{"line":406,"column":72},"end":{"line":413,"column":3}},"line":406},"9":{"name":"(anonymous_9)","decl":{"start":{"line":408,"column":27},"end":{"line":408,"column":28}},"loc":{"start":{"line":408,"column":44},"end":{"line":412,"column":5}},"line":408}},"branchMap":{"0":{"loc":{"start":{"line":3,"column":20},"end":{"line":3,"column":97}},"type":"binary-expr","locations":[{"start":{"line":3,"column":20},"end":{"line":3,"column":60}},{"start":{"line":3,"column":64},"end":{"line":3,"column":97}}],"line":3},"1":{"loc":{"start":{"line":6,"column":0},"end":{"line":16,"column":1}},"type":"if","locations":[{"start":{"line":6,"column":0},"end":{"line":16,"column":1}},{"start":{},"end":{}}],"line":6},"2":{"loc":{"start":{"line":6,"column":4},"end":{"line":6,"column":35}},"type":"binary-expr","locations":[{"start":{"line":6,"column":4},"end":{"line":6,"column":19}},{"start":{"line":6,"column":23},"end":{"line":6,"column":35}}],"line":6},"3":{"loc":{"start":{"line":7,"column":2},"end":{"line":11,"column":3}},"type":"if","locations":[{"start":{"line":7,"column":2},"end":{"line":11,"column":3}},{"start":{},"end":{}}],"line":7},"4":{"loc":{"start":{"line":64,"column":10},"end":{"line":64,"column":42}},"type":"cond-expr","locations":[{"start":{"line":64,"column":24},"end":{"line":64,"column":31}},{"start":{"line":64,"column":34},"end":{"line":64,"column":42}}],"line":64},"5":{"loc":{"start":{"line":193,"column":10},"end":{"line":208,"column":18}},"type":"binary-expr","locations":[{"start":{"line":193,"column":10},"end":{"line":193,"column":14}},{"start":{"line":193,"column":34},"end":{"line":208,"column":18}}],"line":193},"6":{"loc":{"start":{"line":286,"column":23},"end":{"line":286,"column":115}},"type":"binary-expr","locations":[{"start":{"line":286,"column":23},"end":{"line":286,"column":48}},{"start":{"line":286,"column":52},"end":{"line":286,"column":78}},{"start":{"line":286,"column":82},"end":{"line":286,"column":115}}],"line":286},"7":{"loc":{"start":{"line":292,"column":12},"end":{"line":292,"column":149}},"type":"cond-expr","locations":[{"start":{"line":292,"column":23},"end":{"line":292,"column":75}},{"start":{"line":292,"column":78},"end":{"line":292,"column":149}}],"line":292},"8":{"loc":{"start":{"line":300,"column":18},"end":{"line":300,"column":91}},"type":"cond-expr","locations":[{"start":{"line":300,"column":29},"end":{"line":300,"column":47}},{"start":{"line":300,"column":50},"end":{"line":300,"column":91}}],"line":300},"9":{"loc":{"start":{"line":345,"column":105},"end":{"line":345,"column":125}},"type":"binary-expr","locations":[{"start":{"line":345,"column":105},"end":{"line":345,"column":115}},{"start":{"line":345,"column":119},"end":{"line":345,"column":125}}],"line":345},"10":{"loc":{"start":{"line":350,"column":93},"end":{"line":350,"column":110}},"type":"binary-expr","locations":[{"start":{"line":350,"column":93},"end":{"line":350,"column":104}},{"start":{"line":350,"column":108},"end":{"line":350,"column":110}}],"line":350},"11":{"loc":{"start":{"line":401,"column":0},"end":{"line":404,"column":1}},"type":"if","locations":[{"start":{"line":401,"column":0},"end":{"line":404,"column":1}},{"start":{},"end":{}}],"line":401},"12":{"loc":{"start":{"line":401,"column":4},"end":{"line":401,"column":35}},"type":"binary-expr","locations":[{"start":{"line":401,"column":4},"end":{"line":401,"column":19}},{"start":{"line":401,"column":23},"end":{"line":401,"column":35}}],"line":401},"13":{"loc":{"start":{"line":405,"column":0},"end":{"line":414,"column":1}},"type":"if","locations":[{"start":{"line":405,"column":0},"end":{"line":414,"column":1}},{"start":{},"end":{}}],"line":405},"14":{"loc":{"start":{"line":405,"column":4},"end":{"line":405,"column":35}},"type":"binary-expr","locations":[{"start":{"line":405,"column":4},"end":{"line":405,"column":19}},{"start":{"line":405,"column":23},"end":{"line":405,"column":35}}],"line":405},"15":{"loc":{"start":{"line":409,"column":6},"end":{"line":409,"column":31}},"type":"if","locations":[{"start":{"line":409,"column":6},"end":{"line":409,"column":31}},{"start":{},"end":{}}],"line":409},"16":{"loc":{"start":{"line":411,"column":6},"end":{"line":411,"column":75}},"type":"if","locations":[{"start":{"line":411,"column":6},"end":{"line":411,"column":75}},{"start":{},"end":{}}],"line":411}},"s":{"0":1,"1":1,"2":1,"3":0,"4":1,"5":1,"6":1,"7":1,"8":1,"9":1,"10":1,"11":0,"12":0,"13":0,"14":0,"15":0,"16":0,"17":0,"18":0,"19":0,"20":0,"21":0,"22":0,"23":0,"24":0,"25":0,"26":1,"27":0,"28":1,"29":1,"30":0,"31":0,"32":0,"33":1,"34":1,"35":1,"36":1,"37":1,"38":1,"39":1,"40":1,"41":1,"42":1,"43":0,"44":0,"45":0,"46":0,"47":0},"f":{"0":0,"1":0,"2":0,"3":0,"4":0,"5":0,"6":0,"7":0,"8":1,"9":0},"b":{"0":[1,0],"1":[1,0],"2":[1,1],"3":[0,1],"4":[0,0],"5":[0,0],"6":[0,0,0],"7":[0,0],"8":[0,0],"9":[0,0],"10":[0,0],"11":[1,0],"12":[1,1],"13":[1,0],"14":[1,1],"15":[0,0],"16":[0,0]},"inputSourceMap":{"version":3,"mappings":"AAqDQ,SAoFJ,UApFI;;;;;;;;;;;;;;;;;AArDR,SAAgBA,gBAAgB;AAChC,SAASC,QAAQC,MAAMC,mBAAmB;AAC1C,SAASC,gBAAgBC,sBAAsB;AAC/C,SAASC,QAAQC,yBAAyB;AAE1C,SAASC,yBAAyB;AAClC;AAAA,EACEC;AAAAA,EACAC;AAAAA,EACAC;AAAAA,EACAC;AAAAA,EACAC;AAAAA,EACAC;AAAAA,EACAC;AAAAA,EACAC;AAAAA,EACAC;AAAAA,OACK;AACP,SAASC,YAAY;AAErB,MAAMC,aAAa;AAAA,EACjB,EAAEC,MAAM,aAAaC,MAAM,cAAcC,MAAMb,SAAS;AAAA,EACxD,EAAEW,MAAM,iBAAiBC,MAAM,kBAAkBC,MAAMZ,mBAAmB;AAAA,EAC1E,EAAEU,MAAM,YAAYC,MAAM,aAAaC,MAAMX,eAAe;AAAA,EAC5D,EAAES,MAAM,gBAAgBC,MAAM,iBAAiBC,MAAMV,iBAAiB;AAAA,EACtE,EAAEQ,MAAM,YAAYC,MAAM,aAAaC,MAAMT,cAAc;AAAC;AAG9D,MAAMU,kBAA4BA,MAAM;AAAAC,KAAA;AACtC,QAAMC,WAAWtB,YAAY;AAC7B,QAAMuB,WAAWtB,eAAe;AAChC,QAAMuB,OAAOtB,eAAeE,iBAAiB;AAC7C,QAAM,CAACqB,cAAc,IAAIpB,kBAAkB;AAC3C,QAAM,CAACqB,aAAaC,cAAc,IAAI9B,SAAS,KAAK;AAEpD,QAAM+B,eAAe,YAAY;AAC/B,QAAI;AACF,YAAMH,eAAe,EAAEI,OAAO;AAAA,IAChC,SAASC,OAAO;AACdC,cAAQD,MAAM,kBAAkBA,KAAK;AAAA,IACvC,UAAC;AACCP,eAASpB,OAAO,CAAC;AAAA,IACnB;AAAA,EACF;AAEA,SACE,uBAAC,SAAI,WAAU,6BAEb;AAAA;AAAA,MAAC;AAAA;AAAA,QACC,WAAWY;AAAAA,UACT;AAAA,UACAW,cAAc,UAAU;AAAA,QAC1B;AAAA,QAEA;AAAA;AAAA,YAAC;AAAA;AAAA,cACC,WAAU;AAAA,cACV,SAAS,MAAMC,eAAe,KAAK;AAAA;AAAA,YAFrC;AAAA;AAAA;AAAA;AAAA;AAAA;AAAA;AAAA;AAAA,UAEuC;AAAA,UAEvC,uBAAC,SAAI,WAAU,0DACb;AAAA,mCAAC,SAAI,WAAU,sCACb;AAAA,cAAC;AAAA;AAAA,gBACC,MAAK;AAAA,gBACL,WAAU;AAAA,gBACV,SAAS,MAAMA,eAAe,KAAK;AAAA,gBAEnC,iCAAC,aAAU,WAAU,wBAArB;AAAA;AAAA;AAAA;AAAA,uBAAyC;AAAA;AAAA,cAL3C;AAAA;AAAA;AAAA;AAAA;AAAA;AAAA;AAAA;AAAA,YAMA,KAPF;AAAA;AAAA;AAAA;AAAA,mBAQA;AAAA,YACA;AAAA,cAAC;AAAA;AAAA,gBACC,UAAUC;AAAAA,gBACV,aAAaN,SAASU;AAAAA,gBACtB;AAAA;AAAA,cAHF;AAAA;AAAA;AAAA;AAAA;AAAA;AAAA;AAAA;AAAA,YAGa;AAAA,eAbf;AAAA;AAAA;AAAA;AAAA,iBAeA;AAAA;AAAA;AAAA,MAzBF;AAAA;AAAA;AAAA;AAAA;AAAA;AAAA;AAAA;AAAA,IA0BA;AAAA,IAGA,uBAAC,SAAI,WAAU,4DACb,iCAAC,SAAI,WAAU,kEACb;AAAA,MAAC;AAAA;AAAA,QACC,UAAUJ;AAAAA,QACV,aAAaN,SAASU;AAAAA,QACtB;AAAA;AAAA,MAHF;AAAA;AAAA;AAAA;AAAA;AAAA;AAAA;AAAA;AAAA,IAGa,KAJf;AAAA;AAAA;AAAA;AAAA,WAMA,KAPF;AAAA;AAAA;AAAA;AAAA,WAQA;AAAA,IAGA,uBAAC,SAAI,WAAU,qCAEb;AAAA,6BAAC,SAAI,WAAU,aACb,iCAAC,SAAI,WAAU,yDACb;AAAA;AAAA,UAAC;AAAA;AAAA,YACC,MAAK;AAAA,YACL,WAAU;AAAA,YACV,SAAS,MAAML,eAAe,IAAI;AAAA,YAElC,iCAAC,aAAU,WAAU,aAArB;AAAA;AAAA;AAAA;AAAA,mBAA8B;AAAA;AAAA,UALhC;AAAA;AAAA;AAAA;AAAA;AAAA;AAAA;AAAA;AAAA,QAMA;AAAA,QACA,uBAAC,SAAI,WAAU,iDACb;AAAA,iCAAC,QAAG,WAAU,uCAAqC,gCAAnD;AAAA;AAAA;AAAA;AAAA,iBAEA;AAAA,UACCH,QACC,uBAAC,SAAI,WAAU,+BACb;AAAA,mCAAC,UAAK,WAAU,yBAAyBA,eAAKP,QAA9C;AAAA;AAAA;AAAA;AAAA,mBAAmD;AAAA,YACnD,uBAAC,kBAAe,WAAU,2BAA1B;AAAA;AAAA;AAAA;AAAA,mBAAiD;AAAA,eAFnD;AAAA;AAAA;AAAA;AAAA,iBAGA;AAAA,aARJ;AAAA;AAAA;AAAA;AAAA,eAUA;AAAA,WAlBF;AAAA;AAAA;AAAA;AAAA,aAmBA,KApBF;AAAA;AAAA;AAAA;AAAA,aAqBA;AAAA,MAGA,uBAAC,UAAK,WAAU,sDACd,iCAAC,SAAI,WAAU,QACb,iCAAC,SAAI,WAAU,0CACb,iCAAC,YAAD;AAAA;AAAA;AAAA;AAAA,aAAO,KADT;AAAA;AAAA;AAAA;AAAA,aAEA,KAHF;AAAA;AAAA;AAAA;AAAA,aAIA,KALF;AAAA;AAAA;AAAA;AAAA,aAMA;AAAA,SAhCF;AAAA;AAAA;AAAA;AAAA,WAiCA;AAAA,OA3EF;AAAA;AAAA;AAAA;AAAA,SA4EA;AAEJ;AAACI,GAhGKD,iBAAyB;AAAA,UACZpB,aACAC,gBACJC,gBACYG,iBAAiB;AAAA;AAAA4B,KAJtCb;AAwGN,MAAMc,iBAAgDA,CAAC;AAAA,EACrDC;AAAAA,EACAC;AAAAA,EACAZ;AACF,MAAM;AACJ,SACE,mCAEE;AAAA,2BAAC,SAAI,WAAU,6CACb,iCAAC,SAAI,WAAU,qBACb;AAAA,6BAAC,SAAI,WAAU,sEACb,iCAAC,UAAK,WAAU,gCAA+B,iBAA/C;AAAA;AAAA;AAAA;AAAA,aAAgD,KADlD;AAAA;AAAA;AAAA;AAAA,aAEA;AAAA,MACA,uBAAC,UAAK,WAAU,4CAA0C,gCAA1D;AAAA;AAAA;AAAA;AAAA,aAEA;AAAA,SANF;AAAA;AAAA;AAAA;AAAA,WAOA,KARF;AAAA;AAAA;AAAA;AAAA,WASA;AAAA,IAGA,uBAAC,SAAI,WAAU,wCACb,iCAAC,SAAI,WAAU,8BACZR,qBAAWqB,IAAI,CAAAC,SAAQ;AACtB,YAAMC,WACJH,gBAAgBE,KAAKpB,QACpBoB,KAAKpB,SAAS,gBAAgBkB,YAAYI,WAAWF,KAAKpB,IAAI;AAEjE,aACE;AAAA,QAAC;AAAA;AAAA,UAEC,IAAIoB,KAAKpB;AAAAA,UACT,WAAWH;AAAAA,YACTwB,WACI,uDACA;AAAA,YACJ;AAAA,UACF;AAAA,UAEA;AAAA;AAAA,cAAC,KAAK;AAAA,cAAL;AAAA,gBACC,WAAWxB;AAAAA,kBACTwB,WACI,qBACA;AAAA,kBACJ;AAAA,gBACF;AAAA;AAAA,cANF;AAAA;AAAA;AAAA;AAAA;AAAA;AAAA;AAAA;AAAA,YAMI;AAAA,YAEHD,KAAKrB;AAAAA;AAAAA;AAAAA,QAjBDqB,KAAKrB;AAAAA,QADZ;AAAA;AAAA;AAAA;AAAA;AAAA;AAAA;AAAA,MAmBA;AAAA,IAEJ,CAAC,KA5BH;AAAA;AAAA;AAAA;AAAA,WA6BA,KA9BF;AAAA;AAAA;AAAA;AAAA,WA+BA;AAAA,IAGA,uBAAC,SAAI,WAAU,mDACb,iCAAC,SAAI,WAAU,4BACb;AAAA,6BAAC,SAAI,WAAU,iBACb,iCAAC,kBAAe,WAAU,2BAA1B;AAAA;AAAA;AAAA;AAAA,aAAiD,KADnD;AAAA;AAAA;AAAA;AAAA,aAEA;AAAA,MACA,uBAAC,SAAI,WAAU,uBACb;AAAA,+BAAC,OAAE,WAAU,8CACVO,gBAAMP,QAAQ,UADjB;AAAA;AAAA;AAAA;AAAA,eAEA;AAAA,QACA,uBAAC,OAAE,WAAU,kCACVO,gBAAMiB,SAAS,MADlB;AAAA;AAAA;AAAA;AAAA,eAEA;AAAA,WANF;AAAA;AAAA;AAAA;AAAA,aAOA;AAAA,MACA;AAAA,QAAC;AAAA;AAAA,UACC,SAASN;AAAAA,UACT,WAAU;AAAA,UACV,OAAM;AAAA,UAEN,iCAAC,6BAA0B,WAAU,aAArC;AAAA;AAAA;AAAA;AAAA,iBAA8C;AAAA;AAAA,QALhD;AAAA;AAAA;AAAA;AAAA;AAAA;AAAA;AAAA;AAAA,MAMA;AAAA,SAlBF;AAAA;AAAA;AAAA;AAAA,WAmBA,KApBF;AAAA;AAAA;AAAA;AAAA,WAqBA;AAAA,OArEF;AAAA;AAAA;AAAA;AAAA,SAsEA;AAEJ;AAACO,MA9EKR;AAgFN,eAAed;AAAe,IAAAa,IAAAS;AAAAC,aAAAV,IAAA;AAAAU,aAAAD,KAAA","names":["useState","Outlet","Link","useLocation","useAppDispatch","useAppSelector","logout","selectCurrentUser","useLogoutMutation","HomeIcon","BuildingOfficeIcon","CreditCardIcon","DocumentTextIcon","Cog6ToothIcon","ArrowRightOnRectangleIcon","Bars3Icon","XMarkIcon","UserCircleIcon","clsx","navigation","name","href","icon","DashboardLayout","_s","location","dispatch","user","logoutMutation","sidebarOpen","setSidebarOpen","handleLogout","unwrap","error","console","pathname","_c","SidebarContent","onLogout","currentPath","map","item","isActive","startsWith","email","_c2","$RefreshReg$"],"ignoreList":[],"sources":["/Users/lsendel/IdeaProjects/sass/frontend/src/components/layouts/DashboardLayout.tsx"],"file":"/Users/lsendel/IdeaProjects/sass/frontend/src/components/layouts/DashboardLayout.tsx"},"_coverageSchema":"1a1c01bbd47fc00a2c39e90264f33305004495a9","hash":"9048d0d5b6cb9843c54694dca718765562df944c"},"/Users/lsendel/IdeaProjects/sass/frontend/src/components/ui/LoadingSpinner.tsx":{"path":"/Users/lsendel/IdeaProjects/sass/frontend/src/components/ui/LoadingSpinner.tsx","statementMap":{"0":{"start":{"line":3,"column":20},"end":{"line":3,"column":97}},"1":{"start":{"line":6,"column":0}
[...]
nd":{"line":148,"column":31}},"11":{"start":{"line":152,"column":0},"end":{"line":161,"column":1}},"12":{"start":{"line":153,"column":2},"end":{"line":160,"column":5}},"13":{"start":{"line":154,"column":4},"end":{"line":154,"column":147}},"14":{"start":{"line":155,"column":4},"end":{"line":159,"column":7}},"15":{"start":{"line":156,"column":6},"end":{"line":156,"column":31}},"16":{"start":{"line":156,"column":24},"end":{"line":156,"column":31}},"17":{"start":{"line":157,"column":32},"end":{"line":157,"column":196}},"18":{"start":{"line":158,"column":6},"end":{"line":158,"column":75}},"19":{"start":{"line":158,"column":29},"end":{"line":158,"column":75}}},"fnMap":{"0":{"name":"(anonymous_0)","decl":{"start":{"line":7,"column":2},"end":{"line":7,"column":3}},"loc":{"start":{"line":7,"column":21},"end":{"line":10,"column":3}},"line":7},"1":{"name":"(anonymous_1)","decl":{"start":{"line":11,"column":2},"end":{"line":11,"column":3}},"loc":{"start":{"line":11,"column":41},"end":{"line":13,"column":3}},"line":11},"2":{"name":"(anonymous_2)","decl":{"start":{"line":14,"column":2},"end":{"line":14,"column":3}},"loc":{"start":{"line":14,"column":38},"end":{"line":20,"column":3}},"line":14},"3":{"name":"(anonymous_3)","decl":{"start":{"line":21,"column":17},"end":{"line":21,"column":18}},"loc":{"start":{"line":21,"column":23},"end":{"line":23,"column":3}},"line":21},"4":{"name":"(anonymous_4)","decl":{"start":{"line":24,"column":2},"end":{"line":24,"column":3}},"loc":{"start":{"line":24,"column":11},"end":{"line":149,"column":3}},"line":24},"5":{"name":"(anonymous_5)","decl":{"start":{"line":153,"column":52},"end":{"line":153,"column":53}},"loc":{"start":{"line":153,"column":72},"end":{"line":160,"column":3}},"line":153},"6":{"name":"(anonymous_6)","decl":{"start":{"line":155,"column":27},"end":{"line":155,"column":28}},"loc":{"start":{"line":155,"column":44},"end":{"line":159,"column":5}},"line":155}},"branchMap":{"0":{"loc":{"start":{"line":3,"column":20},"end":{"line":3,"column":97}},"type":"binary-expr","locations":[{"start":{"line":3,"column":20},"end":{"line":3,"column":60}},{"start":{"line":3,"column":64},"end":{"line":3,"column":97}}],"line":3},"1":{"loc":{"start":{"line":25,"column":4},"end":{"line":147,"column":5}},"type":"if","locations":[{"start":{"line":25,"column":4},"end":{"line":147,"column":5}},{"start":{},"end":{}}],"line":25},"2":{"loc":{"start":{"line":69,"column":10},"end":{"line":132,"column":18}},"type":"binary-expr","locations":[{"start":{"line":69,"column":10},"end":{"line":69,"column":29}},{"start":{"line":69,"column":49},"end":{"line":132,"column":18}}],"line":69},"3":{"loc":{"start":{"line":103,"column":14},"end":{"line":122,"column":22}},"type":"binary-expr","locations":[{"start":{"line":103,"column":14},"end":{"line":103,"column":34}},{"start":{"line":103,"column":54},"end":{"line":122,"column":22}}],"line":103},"4":{"loc":{"start":{"line":152,"column":0},"end":{"line":161,"column":1}},"type":"if","locations":[{"start":{"line":152,"column":0},"end":{"line":161,"column":1}},{"start":{},"end":{}}],"line":152},"5":{"loc":{"start":{"line":152,"column":4},"end":{"line":152,"column":35}},"type":"binary-expr","locations":[{"start":{"line":152,"column":4},"end":{"line":152,"column":19}},{"start":{"line":152,"column":23},"end":{"line":152,"column":35}}],"line":152},"6":{"loc":{"start":{"line":156,"column":6},"end":{"line":156,"column":31}},"type":"if","locations":[{"start":{"line":156,"column":6},"end":{"line":156,"column":31}},{"start":{},"end":{}}],"line":156},"7":{"loc":{"start":{"line":158,"column":6},"end":{"line":158,"column":75}},"type":"if","locations":[{"start":{"line":158,"column":6},"end":{"line":158,"column":75}},{"start":{},"end":{}}],"line":158}},"s":{"0":1,"1":2,"2":2,"3":0,"4":0,"5":0,"6":2,"7":0,"8":2,"9":0,"10":2,"11":1,"12":1,"13":1,"14":1,"15":0,"16":0,"17":0,"18":0,"19":0},"f":{"0":2,"1":0,"2":0,"3":0,"4":2,"5":1,"6":0},"b":{"0":[1,0],"1":[0,2],"2":[0,0],"3":[0,0],"4":[1,0],"5":[1,1],"6":[0,0],"7":[0,0]},"inputSourceMap":{"version":3,"mappings":"AAyCc,SAqCQ,UArCR;;;AAzCd,SAASA,iBAAuC;AAChD,SAASC,+BAA+B;AAYxC,MAAMC,sBAAsBF,UAAwB;AAAA,EAClDG,YAAYC,OAAc;AACxB,UAAMA,KAAK;AACX,SAAKC,QAAQ,EAAEC,UAAU,MAAM;AAAA,EACjC;AAAA,EAEA,OAAOC,yBAAyBC,OAAqB;AACnD,WAAO,EAAEF,UAAU,MAAME,MAAM;AAAA,EACjC;AAAA,EAEAC,kBAAkBD,OAAcE,WAAsB;AACpDC,YAAQH,MAAM,kCAAkCA,OAAOE,SAAS;AAChE,SAAKE,SAAS;AAAA,MACZJ;AAAAA,MACAE;AAAAA,IACF,CAAC;AAAA,EACH;AAAA,EAEAG,eAAeA,MAAM;AACnBC,WAAOC,SAASC,OAAO;AAAA,EACzB;AAAA,EAEAC,SAAS;AACP,QAAI,KAAKZ,MAAMC,UAAU;AACvB,aACE,uBAAC,SAAI,WAAU,4DACb,iCAAC,SAAI,WAAU,qDACb;AAAA,+BAAC,SAAI,WAAU,8EACb,iCAAC,2BAAwB,WAAU,0BAAnC;AAAA;AAAA;AAAA;AAAA,eAAyD,KAD3D;AAAA;AAAA;AAAA;AAAA,eAEA;AAAA,QAEA,uBAAC,SAAI,WAAU,oBACb;AAAA,iCAAC,QAAG,WAAU,uCAAqC,oCAAnD;AAAA;AAAA;AAAA;AAAA,iBAEA;AAAA,UACA,uBAAC,OAAE,WAAU,8BAA4B,8FAAzC;AAAA;AAAA;AAAA;AAAA,iBAGA;AAAA,aAPF;AAAA;AAAA;AAAA;AAAA,eAQA;AAAA,QAEA,uBAAC,SAAI,WAAU,gCACb;AAAA;AAAA,YAAC;AAAA;AAAA,cACC,SAAS,KAAKO;AAAAA,cACd,WAAU;AAAA,cAAyK;AAAA;AAAA,YAFrL;AAAA;AAAA;AAAA;AAAA;AAAA;AAAA;AAAA;AAAA,UAKA;AAAA,UAECK,YAAYC,IAAIC,OACf,uBAAC,aAAQ,WAAU,QACjB;AAAA,mCAAC,aAAQ,WAAU,wCAAsC,2CAAzD;AAAA;AAAA;AAAA;AAAA,mBAEA;AAAA,YACA,uBAAC,SAAI,WAAU,oEACb;AAAA,qCAAC,OACC;AAAA,uCAAC,YAAO,sBAAR;AAAA;AAAA;AAAA;AAAA,uBAAc;AAAA,gBAAS;AAAA,gBAAE,KAAKf,MAAMG,OAAOa;AAAAA,mBAD7C;AAAA;AAAA;AAAA;AAAA,qBAEA;AAAA,cACA,uBAAC,OACC,iCAAC,YAAO,sBAAR;AAAA;AAAA;AAAA;AAAA,qBAAc,KADhB;AAAA;AAAA;AAAA;AAAA,qBAEA;AAAA,cACA,uBAAC,SAAI,WAAU,uBACZ,eAAKhB,MAAMG,OAAOc,SADrB;AAAA;AAAA;AAAA;AAAA,qBAEA;AAAA,cACC,KAAKjB,MAAMK,aACV,mCACE;AAAA,uCAAC,OAAE,WAAU,QACX,iCAAC,YAAO,gCAAR;AAAA;AAAA;AAAA;AAAA,uBAAwB,KAD1B;AAAA;AAAA;AAAA;AAAA,uBAEA;AAAA,gBACA,uBAAC,SAAI,WAAU,uBACZ,eAAKL,MAAMK,UAAUa,kBADxB;AAAA;AAAA;AAAA;AAAA,uBAEA;AAAA,mBANF;AAAA;AAAA;AAAA;AAAA,qBAOA;AAAA,iBAlBJ;AAAA;AAAA;AAAA;AAAA,mBAoBA;AAAA,eAxBF;AAAA;AAAA;AAAA;AAAA,iBAyBA;AAAA,aAlCJ;AAAA;AAAA;AAAA;AAAA,eAoCA;AAAA,WAnDF;AAAA;AAAA;AAAA;AAAA,aAoDA,KArDF;AAAA;AAAA;AAAA;AAAA,aAsDA;AAAA,IAEJ;AAEA,WAAO,KAAKnB,MAAMoB;AAAAA,EACpB;AACF;AAEA,eAAetB","names":["Component","ExclamationTriangleIcon","ErrorBoundary","constructor","props","state","hasError","getDerivedStateFromError","error","componentDidCatch","errorInfo","console","setState","handleReload","window","location","reload","render","import","env","DEV","message","stack","componentStack","children"],"ignoreList":[],"sources":["/Users/lsendel/IdeaProjects/sass/frontend/src/components/ui/ErrorBoundary.tsx"],"file":"/Users/lsendel/IdeaProjects/sass/frontend/src/components/ui/ErrorBoundary.tsx"},"_coverageSchema":"1a1c01bbd47fc00a2c39e90264f33305004495a9","hash":"cbf2770efd9c2d34531d06015cb4a502d01d1bd4"},"/Users/lsendel/IdeaProjects/sass/frontend/src/App.tsx":{"path":"/Users/lsendel/IdeaProjects/sass/frontend/src/App.tsx","statementMap":{"0":{"start":{"line":3,"column":20},"end":{"line":3,"column":97}},"1":{"start":{"line":6,"column":0},"end":{"line":16,"column":1}},"2":{"start":{"line":7,"column":2},"end":{"line":11,"column":3}},"3":{"start":{"line":8,"column":4},"end":{"line":10,"column":6}},"4":{"start":{"line":12,"column":2},"end":{"line":12,"column":39}},"5":{"start":{"line":13,"column":2},"end":{"line":13,"column":39}},"6":{"start":{"line":14,"column":2},"end":{"line":14,"column":110}},"7":{"start":{"line":15,"column":2},"end":{"line":15,"column":75}},"8":{"start":{"line":17,"column":9},"end":{"line":17,"column":23}},"9":{"start":{"line":40,"column":19},"end":{"line":229,"column":1}},"10":{"start":{"line":41,"column":2},"end":{"line":41,"column":7}},"11":{"start":{"line":42,"column":19},"end":{"line":42,"column":35}},"12":{"start":{"line":43,"column":26},"end":{"line":43,"column":63}},"13":{"start":{"line":44,"column":22},"end":{"line":44,"column":55}},"14":{"start":{"line":45,"column":32},"end":{"line":47,"column":4}},"15":{"start":{"line":48,"column":2},"end":{"line":57,"column":30}},"16":{"start":{"line":49,"column":4},"end":{"line":56,"column":5}},"17":{"start":{"line":50,"column":6},"end":{"line":55,"column":8}},"18":{"start":{"line":58,"column":2},"end":{"line":68,"column":3}},"19":{"start":{"line":59,"column":4},"end":{"line":67,"column":13}},"20":{"start":{"line":69,"column":2},"end":{"line":228,"column":11}},"21":{"start":{"line":230,"column":0},"end":{"line":232,"column":3}},"22":{"start":{"line":231,"column":2},"end":{"line":231,"column":78}},"23":{"start":{"line":233,"column":0},"end":{"line":233,"column":16}},"24":{"start":{"line":234,"column":12},"end":{"line":286,"column":1}},"25":{"start":{"line":235,"column":2},"end":{"line":285,"column":11}},"26":{"start":{"line":287,"column":0},"end":{"line":287,"column":10}},"27":{"start":{"line":290,"column":0},"end":{"line":290,"column":31}},"28":{"start":{"line":291,"column":0},"end":{"line":291,"column":25}},"29":{"start":{"line":292,"column":0},"end":{"line":295,"column":1}},"30":{"start":{"line":293,"column":2},"end":{"line":293,"column":39}},"31":{"start":{"line":294,"column":2},"end":{"line":294,"column":39}},"32":{"start":{"line":296,"column":0},"end":{"line":305,"column":1}},"33":{"start":{"line":297,"column":2},"end":{"line":304,"column":5}},"34":{"start":{"line":298,"column":4},"end":{"line":298,"column":123}},"35":{"start":{"line":299,"column":4},"end":{"line":303,"column":7}},"36":{"start":{"line":300,"column":6},"end":{"line":300,"column":31}},"37":{"start":{"line":300,"column":24},"end":{"line":300,"column":31}},"38":{"start":{"line":301,"column":32},"end":{"line":301,"column":172}},"39":{"start":{"line":302,"column":6},"end":{"line":302,"column":75}},"40":{"start":{"line":302,"column":29},"end":{"line":302,"column":75}}},"fnMap":{"0":{"name":"(anonymous_0)","decl":{"start":{"line":40,"column":19},"end":{"line":40,"column":20}},"loc":{"start":{"line":40,"column":25},"end":{"line":229,"column":1}},"line":40},"1":{"name":"(anonymous_1)","decl":{"start":{"line":48,"column":12},"end":{"line":48,"column":13}},"loc":{"start":{"line":48,"column":18},"end":{"line":57,"column":3}},"line":48},"2":{"name":"(anonymous_2)","decl":{"start":{"line":230,"column":54},"end":{"line":230,"column":55}},"loc":{"start":{"line":230,"column":65},"end":{"line":232,"column":1}},"line":230},"3":{"name":"(anonymous_3)","decl":{"start":{"line":234,"column":12},"end":{"line":234,"column":13}},"loc":{"start":{"line":234,"column":18},"end":{"line":286,"column":1}},"line":234},"4":{"name":"(anonymous_4)","decl":{"start":{"line":297,"column":52},"end":{"line":297,"column":53}},"loc":{"start":{"line":297,"column":72},"end":{"line":304,"column":3}},"line":297},"5":{"name":"(anonymous_5)","decl":{"start":{"line":299,"column":27},"end":{"line":299,"column":28}},"loc":{"start":{"line":299,"column":44},"end":{"line":303,"column":5}},"line":299}},"branchMap":{"0":{"loc":{"start":{"line":3,"column":20},"end":{"line":3,"column":97}},"type":"binary-expr","locations":[{"start":{"line":3,"column":20},"end":{"line":3,"column":60}},{"start":{"line":3,"column":64},"end":{"line":3,"column":97}}],"line":3},"1":{"loc":{"start":{"line":6,"column":0},"end":{"line":16,"column":1}},"type":"if","locations":[{"start":{"line":6,"column":0},"end":{"line":16,"column":1}},{"start":{},"end":{}}],"line":6},"2":{"loc":{"start":{"line":6,"column":4},"end":{"line":6,"column":35}},"type":"binary-expr","locations":[{"start":{"line":6,"column":4},"end":{"line":6,"column":19}},{"start":{"line":6,"column":23},"end":{"line":6,"column":35}}],"line":6},"3":{"loc":{"start":{"line":7,"column":2},"end":{"line":11,"column":3}},"type":"if","locations":[{"start":{"line":7,"column":2},"end":{"line":11,"column":3}},{"start":{},"end":{}}],"line":7},"4":{"loc":{"start":{"line":49,"column":4},"end":{"line":56,"column":5}},"type":"if","locations":[{"start":{"line":49,"column":4},"end":{"line":56,"column":5}},{"start":{},"end":{}}],"line":49},"5":{"loc":{"start":{"line":53,"column":17},"end":{"line":53,"column":57}},"type":"binary-expr","locations":[{"start":{"line":53,"column":17},"end":{"line":53,"column":51}},{"start":{"line":53,"column":55},"end":{"line":53,"column":57}}],"line":53},"6":{"loc":{"start":{"line":58,"column":2},"end":{"line":68,"column":3}},"type":"if","locations":[{"start":{"line":58,"column":2},"end":{"line":68,"column":3}},{"start":{},"end":{}}],"line":58},"7":{"loc":{"start":{"line":111,"column":17},"end":{"line":119,"column":16}},"type":"cond-expr","locations":[{"start":{"line":111,"column":51},"end":{"line":115,"column":16}},{"start":{"line":115,"column":35},"end":{"line":119,"column":16}}],"line":111},"8":{"loc":{"start":{"line":202,"column":16},"end":{"line":202,"column":62}},"type":"cond-expr","locations":[{"start":{"line":202,"column":34},"end":{"line":202,"column":46}},{"start":{"line":202,"column":49},"end":{"line":202,"column":62}}],"line":202},"9":{"loc":{"start":{"line":292,"column":0},"end":{"line":295,"column":1}},"type":"if","locations":[{"start":{"line":292,"column":0},"end":{"line":295,"column":1}},{"start":{},"end":{}}],"line":292},"10":{"loc":{"start":{"line":292,"column":4},"end":{"line":292,"column":35}},"type":"binary-expr","locations":[{"start":{"line":292,"column":4},"end":{"line":292,"column":19}},{"start":{"line":292,"column":23},"end":{"line":292,"column":35}}],"line":292},"11":{"loc":{"start":{"line":296,"column":0},"end":{"line":305,"column":1}},"type":"if","locations":[{"start":{"line":296,"column":0},"end":{"line":305,"column":1}},{"start":{},"end":{}}],"line":296},"12":{"loc":{"start":{"line":296,"column":4},"end":{"line":296,"column":35}},"type":"binary-expr","locations":[{"start":{"line":296,"column":4},"end":{"line":296,"column":19}},{"start":{"line":296,"column":23},"end":{"line":296,"column":35}}],"line":296},"13":{"loc":{"start":{"line":300,"column":6},"end":{"line":300,"column":31}},"type":"if","locations":[{"start":{"line":300,"column":6},"end":{"line":300,"column":31}},{"start":{},"end":{}}],"line":300},"14":{"loc":{"start":{"line":302,"column":6},"end":{"line":302,"column":75}},"type":"if","locations":[{"start":{"line":302,"column":6},"end":{"line":302,"column":75}},{"start":{},"end":{}}],"line":302}},"s":{"0":1,"1":1,"2":1,"3":0,"4":1,"5":1,"6":1,"7":1,"8":1,"9":1,"10":6,"11":6,"12":6,"13":6,"14":6,"15":6,"16":2,"17":0,"18":6,"19":0,"20":6,"21":1,"22":1,"23":1,"24":1,"25":2,"26":1,"27":1,"28":1,"29":1,"30":1,"31":1,"32":1,"33":1,"34":1,"35":1,"36":0,"37":0,"38":0,"39":0,"40":0},"f":{"0":6,"1":2,"2":1,"3":2,"4":1,"5":0},"b":{"0":[1,0],"1":[1,0],"2":[1,1],"3":[0,1],"4":[0,2],"5":[0,0],"6":[0,6],"7":[0,6],"8":[0,6],"9":[1,0],"10":[1,1],"11":[1,0],"12":[1,1],"13":[0,0],"14":[0,0]},"inputSourceMap":{"version":3,"mappings":"AAgDQ;;;;;;;;;;;;;;;;;AAhDR,SAAgBA,iBAAiB;AACjC,SAASC,QAAQC,OAAOC,gBAAgB;AACxC,SAASC,eAAe;AACxB,SAASC,gBAAgBC,sBAAsB;AAC/C;AAAA,EACEC;AAAAA,EACAC;AAAAA,EACAC;AAAAA,OACK;AACP,SAASC,0BAA0B;AACnC,OAAOC,gBAAgB;AACvB,OAAOC,qBAAqB;AAC5B,OAAOC,eAAe;AACtB,OAAOC,kBAAkB;AACzB,OAAOC,mBAAmB;AAC1B,OAAOC,uBAAuB;AAC9B,OAAOC,sBAAsB;AAC7B,OAAOC,kBAAkB;AACzB,OAAOC,sBAAsB;AAC7B,OAAOC,kBAAkB;AACzB,OAAOC,oBAAoB;AAC3B,OAAOC,mBAAmB;AAE1B,MAAMC,aAAuBA,MAAM;AAAAC,KAAA;AACjC,QAAMC,WAAWpB,eAAe;AAChC,QAAMqB,kBAAkBpB,eAAeE,qBAAqB;AAC5D,QAAMmB,cAAcrB,eAAeG,iBAAiB;AAGpD,QAAM,EAAEmB,MAAMC,YAAY,IAAInB,mBAAmBoB,QAAW;AAAA,IAC1DC,MAAML;AAAAA,EACR,CAAC;AAED1B,YAAU,MAAM;AACd,QAAI6B,aAAa;AACfJ;AAAAA,QACElB,eAAe;AAAA,UACbyB,MAAMH,YAAYG;AAAAA,UAClBC,OAAOC,aAAaC,QAAQ,YAAY,KAAK;AAAA,QAC/C,CAAC;AAAA,MACH;AAAA,IACF;AAAA,EACF,GAAG,CAACN,aAAaJ,QAAQ,CAAC;AAG1B,MAAIE,aAAa;AACf,WACE,uBAAC,SAAI,WAAU,iDACb,iCAAC,kBAAe,MAAK,QAArB;AAAA;AAAA;AAAA;AAAA,WAAyB,KAD3B;AAAA;AAAA;AAAA;AAAA,WAEA;AAAA,EAEJ;AAEA,SACE,uBAAC,UAEC;AAAA,2BAAC,SAAM,MAAK,SAAQ,SAAS,uBAAC,gBAAD;AAAA;AAAA;AAAA;AAAA,WAAW,GACtC;AAAA,6BAAC,SAAM,MAAK,SAAQ,SAAS,uBAAC,eAAD;AAAA;AAAA;AAAA;AAAA,aAAU,KAAvC;AAAA;AAAA;AAAA;AAAA,aAA2C;AAAA,MAC3C,uBAAC,SAAM,MAAK,YAAW,SAAS,uBAAC,kBAAD;AAAA;AAAA;AAAA;AAAA,aAAa,KAA7C;AAAA;AAAA;AAAA;AAAA,aAAiD;AAAA,MACjD,uBAAC,SAAM,OAAK,MAAC,SAAS,uBAAC,YAAS,IAAG,eAAc,SAAO,QAAlC;AAAA;AAAA;AAAA;AAAA,aAAkC,KAAxD;AAAA;AAAA;AAAA;AAAA,aAA4D;AAAA,SAH9D;AAAA;AAAA;AAAA;AAAA,WAIA;AAAA,IAGA;AAAA,MAAC;AAAA;AAAA,QACC,MAAK;AAAA,QACL,SACED,kBACE,uBAAC,qBAAD;AAAA;AAAA;AAAA;AAAA,eAAgB,IAEhB,uBAAC,YAAS,IAAG,eAAc,SAAO,QAAlC;AAAA;AAAA;AAAA;AAAA,eAAkC;AAAA,QAItC;AAAA,iCAAC,SAAM,OAAK,MAAC,SAAS,uBAAC,YAAS,IAAG,cAAa,SAAO,QAAjC;AAAA;AAAA;AAAA;AAAA,iBAAiC,KAAvD;AAAA;AAAA;AAAA;AAAA,iBAA2D;AAAA,UAC3D,uBAAC,SAAM,MAAK,aAAY,SAAS,uBAAC,mBAAD;AAAA;AAAA;AAAA;AAAA,iBAAc,KAA/C;AAAA;AAAA;AAAA;AAAA,iBAAmD;AAAA,UACnD,uBAAC,SAAM,MAAK,iBAAgB,SAAS,uBAAC,uBAAD;AAAA;AAAA;AAAA;AAAA,iBAAkB,KAAvD;AAAA;AAAA;AAAA;AAAA,iBAA2D;AAAA,UAC3D,uBAAC,SAAM,MAAK,uBAAsB,SAAS,uBAAC,sBAAD;AAAA;AAAA;AAAA;AAAA,iBAAiB,KAA5D;AAAA;AAAA;AAAA;AAAA,iBAAgE;AAAA,UAChE,uBAAC,SAAM,MAAK,YAAW,SAAS,uBAAC,kBAAD;AAAA;AAAA;AAAA;AAAA,iBAAa,KAA7C;AAAA;AAAA;AAAA;AAAA,iBAAiD;AAAA,UACjD,uBAAC,SAAM,MAAK,gBAAe,SAAS,uBAAC,sBAAD;AAAA;AAAA;AAAA;AAAA,iBAAiB,KAArD;AAAA;AAAA;AAAA;AAAA,iBAAyD;AAAA,UACzD,uBAAC,SAAM,MAAK,YAAW,SAAS,uBAAC,kBAAD;AAAA;AAAA;AAAA;AAAA,iBAAa,KAA7C;AAAA;AAAA;AAAA;AAAA,iBAAiD;AAAA;AAAA;AAAA,MAhBnD;AAAA;AAAA;AAAA;AAAA;AAAA;AAAA;AAAA;AAAA,IAiBA;AAAA,IAGA;AAAA,MAAC;AAAA;AAAA,QACC,MAAK;AAAA,QACL,SACE;AAAA,UAAC;AAAA;AAAA,YACC,IAAIA,kBAAkB,eAAe;AAAA,YACrC,SAAO;AAAA;AAAA,UAFT;AAAA;AAAA;AAAA;AAAA;AAAA;AAAA;AAAA;AAAA,QAES;AAAA;AAAA,MALb;AAAA;AAAA;AAAA;AAAA;AAAA;AAAA;AAAA;AAAA,IAOG;AAAA,OApCL;AAAA;AAAA;AAAA;AAAA,SAsCA;AAEJ;AAACF,GAvEKD,YAAoB;AAAA,UACPlB,gBACOC,gBACJA,gBAGUI,kBAAkB;AAAA;AAAA0B,KAN5Cb;AAyEN,MAAMc,MAAgBA,MAAM;AAC1B,SACE,uBAAC,iBACC,iCAAC,SAAI,WAAU,OACb;AAAA,2BAAC,gBAAD;AAAA;AAAA;AAAA;AAAA,WAAW;AAAA,IACX;AAAA,MAAC;AAAA;AAAA,QACC,UAAS;AAAA,QACT,cAAc;AAAA,UACZC,UAAU;AAAA,UACVC,OAAO;AAAA,YACLC,YAAY;AAAA,YACZC,OAAO;AAAA,YACPC,QAAQ;AAAA,YACRC,cAAc;AAAA,YACdC,WACE;AAAA,UACJ;AAAA,UACAC,SAAS;AAAA,YACPC,WAAW;AAAA,cACTC,SAAS;AAAA,cACTC,WAAW;AAAA,YACb;AAAA,UACF;AAAA,UACAC,OAAO;AAAA,YACLH,WAAW;AAAA,cACTC,SAAS;AAAA,cACTC,WAAW;AAAA,YACb;AAAA,UACF;AAAA,QACF;AAAA;AAAA,MAxBF;AAAA;AAAA;AAAA;AAAA;AAAA;AAAA;AAAA;AAAA,IAwBI;AAAA,OA1BN;AAAA;AAAA;AAAA;AAAA,SA4BA,KA7BF;AAAA;AAAA;AAAA;AAAA,SA8BA;AAEJ;AAACE,MAlCKb;AAoCN,eAAeA;AAAG,IAAAD,IAAAc;AAAAC,aAAAf,IAAA;AAAAe,aAAAD,KAAA","names":["useEffect","Routes","Route","Navigate","Toaster","useAppDispatch","useAppSelector","setCredentials","selectIsAuthenticated","selectAuthLoading","useGetSessionQuery","AuthLayout","DashboardLayout","LoginPage","CallbackPage","DashboardPage","OrganizationsPage","OrganizationPage","PaymentsPage","SubscriptionPage","SettingsPage","LoadingSpinner","ErrorBoundary","AppContent","_s","dispatch","isAuthenticated","authLoading","data","sessionData","undefined","skip","user","token","localStorage","getItem","_c","App","duration","style","background","color","border","borderRadius","boxShadow","success","iconTheme","primary","secondary","error","_c2","$RefreshReg$"],"ignoreList":[],"sources":["/Users/lsendel/IdeaProjects/sass/frontend/src/App.tsx"],"file":"/Users/lsendel/IdeaProjects/sass/frontend/src/App.tsx"},"_coverageSchema":"1a1c01bbd47fc00a2c39e90264f33305004495a9","hash":"ac59fb94ff60fc25bbbefd6aa223b7027d08e91e"},"/Users/lsendel/IdeaProjects/sass/frontend/src/main.tsx":{"path":"/Users/lsendel/IdeaProjects/sass/frontend/src/main.tsx","statementMap":{"0":{"start":{"line":9,"column":0},"end":{"line":27,"column":2}}},"fnMap":{},"branchMap":{},"s":{"0":1},"f":{},"b":{},"inputSourceMap":{"version":3,"mappings":"AAYQ;AAZR,OAAOA,WAAW;AAClB,OAAOC,cAAc;AACrB,SAASC,gBAAgB;AACzB,SAASC,qBAAqB;AAC9B,SAASC,aAAa;AACtB,OAAOC,SAAS;AAChB,OAAO;AAEPJ,SAASK,WAAWC,SAASC,eAAe,MAAM,CAAE,EAAEC;AAAAA,EACpD,uBAAC,MAAM,YAAN,EACC,iCAAC,YAAS,OACR,iCAAC,iBACC,iCAAC,SAAD;AAAA;AAAA;AAAA;AAAA,SAAI,KADN;AAAA;AAAA;AAAA;AAAA,SAEA,KAHF;AAAA;AAAA;AAAA;AAAA,SAIA,KALF;AAAA;AAAA;AAAA;AAAA,SAMA;AACF","names":["React","ReactDOM","Provider","BrowserRouter","store","App","createRoot","document","getElementById","render"],"ignoreList":[],"sources":["/Users/lsendel/IdeaProjects/sass/frontend/src/main.tsx"],"file":"/Users/lsendel/IdeaProjects/sass/frontend/src/main.tsx"},"_coverageSchema":"1a1c01bbd47fc00a2c39e90264f33305004495a9","hash":"488cf7938a84c617bd2a81d018351b7902fbe2ac"}}